{
  "C:/VSCode/react-task/src/components/Nav/Nav.tsx": {
    "path": "C:/VSCode/react-task/src/components/Nav/Nav.tsx",
    "statementMap": {
      "0": {
        "start": {
          "line": 3,
          "column": 0
        },
        "end": {
          "line": 3,
          "column": 104
        }
      },
      "1": {
        "start": {
          "line": 3,
          "column": 26
        },
        "end": {
          "line": 3,
          "column": 104
        }
      },
      "2": {
        "start": {
          "line": 4,
          "column": 23
        },
        "end": {
          "line": 4,
          "column": 42
        }
      },
      "3": {
        "start": {
          "line": 5,
          "column": 23
        },
        "end": {
          "line": 5,
          "column": 42
        }
      },
      "4": {
        "start": {
          "line": 6,
          "column": 0
        },
        "end": {
          "line": 6,
          "column": 102
        }
      },
      "5": {
        "start": {
          "line": 7,
          "column": 0
        },
        "end": {
          "line": 7,
          "column": 73
        }
      },
      "6": {
        "start": {
          "line": 13,
          "column": 19
        },
        "end": {
          "line": 54,
          "column": 12
        }
      },
      "7": {
        "start": {
          "line": 13,
          "column": 37
        },
        "end": {
          "line": 54,
          "column": 12
        }
      },
      "8": {
        "start": {
          "line": 18,
          "column": 48
        },
        "end": {
          "line": 18,
          "column": 86
        }
      },
      "9": {
        "start": {
          "line": 27,
          "column": 48
        },
        "end": {
          "line": 27,
          "column": 86
        }
      },
      "10": {
        "start": {
          "line": 36,
          "column": 48
        },
        "end": {
          "line": 36,
          "column": 86
        }
      },
      "11": {
        "start": {
          "line": 55,
          "column": 0
        },
        "end": {
          "line": 55,
          "column": 9
        }
      },
      "12": {
        "start": {
          "line": 57,
          "column": 0
        },
        "end": {
          "line": 57,
          "column": 24
        }
      },
      "13": {
        "start": {
          "line": 60,
          "column": 0
        },
        "end": {
          "line": 60,
          "column": 37
        }
      },
      "14": {
        "start": {
          "line": 61,
          "column": 0
        },
        "end": {
          "line": 61,
          "column": 37
        }
      },
      "15": {
        "start": {
          "line": 62,
          "column": 0
        },
        "end": {
          "line": 69,
          "column": 3
        }
      },
      "16": {
        "start": {
          "line": 63,
          "column": 2
        },
        "end": {
          "line": 63,
          "column": 115
        }
      },
      "17": {
        "start": {
          "line": 64,
          "column": 2
        },
        "end": {
          "line": 68,
          "column": 5
        }
      },
      "18": {
        "start": {
          "line": 65,
          "column": 4
        },
        "end": {
          "line": 65,
          "column": 29
        }
      },
      "19": {
        "start": {
          "line": 65,
          "column": 22
        },
        "end": {
          "line": 65,
          "column": 29
        }
      },
      "20": {
        "start": {
          "line": 66,
          "column": 30
        },
        "end": {
          "line": 66,
          "column": 113
        }
      },
      "21": {
        "start": {
          "line": 67,
          "column": 4
        },
        "end": {
          "line": 67,
          "column": 73
        }
      },
      "22": {
        "start": {
          "line": 67,
          "column": 27
        },
        "end": {
          "line": 67,
          "column": 73
        }
      }
    },
    "fnMap": {
      "0": {
        "name": "(anonymous_0)",
        "decl": {
          "start": {
            "line": 13,
            "column": 19
          },
          "end": {
            "line": 13,
            "column": 20
          }
        },
        "loc": {
          "start": {
            "line": 13,
            "column": 37
          },
          "end": {
            "line": 54,
            "column": 12
          }
        },
        "line": 13
      },
      "1": {
        "name": "(anonymous_1)",
        "decl": {
          "start": {
            "line": 18,
            "column": 31
          },
          "end": {
            "line": 18,
            "column": 32
          }
        },
        "loc": {
          "start": {
            "line": 18,
            "column": 48
          },
          "end": {
            "line": 18,
            "column": 86
          }
        },
        "line": 18
      },
      "2": {
        "name": "(anonymous_2)",
        "decl": {
          "start": {
            "line": 27,
            "column": 31
          },
          "end": {
            "line": 27,
            "column": 32
          }
        },
        "loc": {
          "start": {
            "line": 27,
            "column": 48
          },
          "end": {
            "line": 27,
            "column": 86
          }
        },
        "line": 27
      },
      "3": {
        "name": "(anonymous_3)",
        "decl": {
          "start": {
            "line": 36,
            "column": 31
          },
          "end": {
            "line": 36,
            "column": 32
          }
        },
        "loc": {
          "start": {
            "line": 36,
            "column": 48
          },
          "end": {
            "line": 36,
            "column": 86
          }
        },
        "line": 36
      },
      "4": {
        "name": "(anonymous_4)",
        "decl": {
          "start": {
            "line": 62,
            "column": 50
          },
          "end": {
            "line": 62,
            "column": 51
          }
        },
        "loc": {
          "start": {
            "line": 62,
            "column": 70
          },
          "end": {
            "line": 69,
            "column": 1
          }
        },
        "line": 62
      },
      "5": {
        "name": "(anonymous_5)",
        "decl": {
          "start": {
            "line": 64,
            "column": 25
          },
          "end": {
            "line": 64,
            "column": 26
          }
        },
        "loc": {
          "start": {
            "line": 64,
            "column": 42
          },
          "end": {
            "line": 68,
            "column": 3
          }
        },
        "line": 64
      }
    },
    "branchMap": {
      "0": {
        "loc": {
          "start": {
            "line": 3,
            "column": 0
          },
          "end": {
            "line": 3,
            "column": 104
          }
        },
        "type": "if",
        "locations": [
          {
            "start": {
              "line": 3,
              "column": 0
            },
            "end": {
              "line": 3,
              "column": 104
            }
          },
          {
            "start": {},
            "end": {}
          }
        ],
        "line": 3
      },
      "1": {
        "loc": {
          "start": {
            "line": 18,
            "column": 48
          },
          "end": {
            "line": 18,
            "column": 86
          }
        },
        "type": "cond-expr",
        "locations": [
          {
            "start": {
              "line": 18,
              "column": 59
            },
            "end": {
              "line": 18,
              "column": 72
            }
          },
          {
            "start": {
              "line": 18,
              "column": 75
            },
            "end": {
              "line": 18,
              "column": 86
            }
          }
        ],
        "line": 18
      },
      "2": {
        "loc": {
          "start": {
            "line": 27,
            "column": 48
          },
          "end": {
            "line": 27,
            "column": 86
          }
        },
        "type": "cond-expr",
        "locations": [
          {
            "start": {
              "line": 27,
              "column": 59
            },
            "end": {
              "line": 27,
              "column": 72
            }
          },
          {
            "start": {
              "line": 27,
              "column": 75
            },
            "end": {
              "line": 27,
              "column": 86
            }
          }
        ],
        "line": 27
      },
      "3": {
        "loc": {
          "start": {
            "line": 36,
            "column": 48
          },
          "end": {
            "line": 36,
            "column": 86
          }
        },
        "type": "cond-expr",
        "locations": [
          {
            "start": {
              "line": 36,
              "column": 59
            },
            "end": {
              "line": 36,
              "column": 72
            }
          },
          {
            "start": {
              "line": 36,
              "column": 75
            },
            "end": {
              "line": 36,
              "column": 86
            }
          }
        ],
        "line": 36
      },
      "4": {
        "loc": {
          "start": {
            "line": 65,
            "column": 4
          },
          "end": {
            "line": 65,
            "column": 29
          }
        },
        "type": "if",
        "locations": [
          {
            "start": {
              "line": 65,
              "column": 4
            },
            "end": {
              "line": 65,
              "column": 29
            }
          },
          {
            "start": {},
            "end": {}
          }
        ],
        "line": 65
      },
      "5": {
        "loc": {
          "start": {
            "line": 67,
            "column": 4
          },
          "end": {
            "line": 67,
            "column": 73
          }
        },
        "type": "if",
        "locations": [
          {
            "start": {
              "line": 67,
              "column": 4
            },
            "end": {
              "line": 67,
              "column": 73
            }
          },
          {
            "start": {},
            "end": {}
          }
        ],
        "line": 67
      }
    },
    "s": {
      "0": 6,
      "1": 0,
      "2": 6,
      "3": 6,
      "4": 6,
      "5": 6,
      "6": 6,
      "7": 9,
      "8": 9,
      "9": 9,
      "10": 9,
      "11": 6,
      "12": 6,
      "13": 6,
      "14": 6,
      "15": 6,
      "16": 6,
      "17": 6,
      "18": 0,
      "19": 0,
      "20": 0,
      "21": 0,
      "22": 0
    },
    "f": {
      "0": 9,
      "1": 9,
      "2": 9,
      "3": 9,
      "4": 6,
      "5": 0
    },
    "b": {
      "0": [
        0,
        6
      ],
      "1": [
        6,
        3
      ],
      "2": [
        1,
        8
      ],
      "3": [
        2,
        7
      ],
      "4": [
        0,
        0
      ],
      "5": [
        0,
        0
      ]
    },
    "inputSourceMap": {
      "version": 3,
      "sources": [
        "C:/VSCode/react-task/src/components/Nav/Nav.tsx"
      ],
      "names": [
        "React",
        "NavLink",
        "styles",
        "Nav",
        "nav",
        "ul",
        "className",
        "list",
        "isActive",
        "active",
        "item",
        "to"
      ],
      "mappings": ";;;;;;;;;AAAA,OAAOA,WAAW,QAAQ;AAC1B,SAASC,OAAO,QAAQ,mBAAmB;AAE3C,OAAOC,YAAY,mBAAmB;AAEtC,OAAO,MAAMC,MAAM,kBACjB,QAACC;kBACC,cAAA,QAACC;YAAGC,WAAWJ,OAAOK,IAAI;;8BACxB,QAACN;oBAAQK,WAAW,CAAC,EAAEE,SAAQ,EAAE,GAAMA,WAAWN,OAAOO,MAAM,GAAGP,OAAOQ,IAAI;oBAAGC,IAAG;8BAAI;;;;;;8BAGvF,QAACV;oBAAQK,WAAW,CAAC,EAAEE,SAAQ,EAAE,GAAMA,WAAWN,OAAOO,MAAM,GAAGP,OAAOQ,IAAI;oBAAGC,IAAG;8BAAS;;;;;;8BAG5F,QAACV;oBAAQK,WAAW,CAAC,EAAEE,SAAQ,EAAE,GAAMA,WAAWN,OAAOO,MAAM,GAAGP,OAAOQ,IAAI;oBAAGC,IAAG;8BAAS;;;;;;;;;;;;;;;;aAKhG;KAdWR"
    },
    "_coverageSchema": "1a1c01bbd47fc00a2c39e90264f33305004495a9",
    "hash": "a1c6879c27df90d4e8eb818c4be9f8c08d03162e"
  },
  "C:/VSCode/react-task/src/components/Header/Header.tsx": {
    "path": "C:/VSCode/react-task/src/components/Header/Header.tsx",
    "statementMap": {
      "0": {
        "start": {
          "line": 3,
          "column": 0
        },
        "end": {
          "line": 3,
          "column": 104
        }
      },
      "1": {
        "start": {
          "line": 3,
          "column": 26
        },
        "end": {
          "line": 3,
          "column": 104
        }
      },
      "2": {
        "start": {
          "line": 4,
          "column": 23
        },
        "end": {
          "line": 4,
          "column": 42
        }
      },
      "3": {
        "start": {
          "line": 5,
          "column": 23
        },
        "end": {
          "line": 5,
          "column": 42
        }
      },
      "4": {
        "start": {
          "line": 6,
          "column": 0
        },
        "end": {
          "line": 6,
          "column": 108
        }
      },
      "5": {
        "start": {
          "line": 7,
          "column": 0
        },
        "end": {
          "line": 7,
          "column": 73
        }
      },
      "6": {
        "start": {
          "line": 10,
          "column": 9
        },
        "end": {
          "line": 10,
          "column": 23
        }
      },
      "7": {
        "start": {
          "line": 15,
          "column": 22
        },
        "end": {
          "line": 56,
          "column": 1
        }
      },
      "8": {
        "start": {
          "line": 16,
          "column": 4
        },
        "end": {
          "line": 16,
          "column": 9
        }
      },
      "9": {
        "start": {
          "line": 17,
          "column": 26
        },
        "end": {
          "line": 17,
          "column": 39
        }
      },
      "10": {
        "start": {
          "line": 18,
          "column": 15
        },
        "end": {
          "line": 18,
          "column": 17
        }
      },
      "11": {
        "start": {
          "line": 19,
          "column": 4
        },
        "end": {
          "line": 32,
          "column": 5
        }
      },
      "12": {
        "start": {
          "line": 21,
          "column": 12
        },
        "end": {
          "line": 21,
          "column": 26
        }
      },
      "13": {
        "start": {
          "line": 22,
          "column": 12
        },
        "end": {
          "line": 22,
          "column": 18
        }
      },
      "14": {
        "start": {
          "line": 24,
          "column": 12
        },
        "end": {
          "line": 24,
          "column": 27
        }
      },
      "15": {
        "start": {
          "line": 25,
          "column": 12
        },
        "end": {
          "line": 25,
          "column": 18
        }
      },
      "16": {
        "start": {
          "line": 27,
          "column": 12
        },
        "end": {
          "line": 27,
          "column": 27
        }
      },
      "17": {
        "start": {
          "line": 28,
          "column": 12
        },
        "end": {
          "line": 28,
          "column": 18
        }
      },
      "18": {
        "start": {
          "line": 30,
          "column": 12
        },
        "end": {
          "line": 30,
          "column": 31
        }
      },
      "19": {
        "start": {
          "line": 31,
          "column": 12
        },
        "end": {
          "line": 31,
          "column": 18
        }
      },
      "20": {
        "start": {
          "line": 33,
          "column": 18
        },
        "end": {
          "line": 33,
          "column": 22
        }
      },
      "21": {
        "start": {
          "line": 34,
          "column": 4
        },
        "end": {
          "line": 55,
          "column": 13
        }
      },
      "22": {
        "start": {
          "line": 57,
          "column": 0
        },
        "end": {
          "line": 61,
          "column": 3
        }
      },
      "23": {
        "start": {
          "line": 58,
          "column": 4
        },
        "end": {
          "line": 60,
          "column": 6
        }
      },
      "24": {
        "start": {
          "line": 62,
          "column": 0
        },
        "end": {
          "line": 62,
          "column": 12
        }
      },
      "25": {
        "start": {
          "line": 64,
          "column": 0
        },
        "end": {
          "line": 64,
          "column": 27
        }
      },
      "26": {
        "start": {
          "line": 67,
          "column": 0
        },
        "end": {
          "line": 67,
          "column": 37
        }
      },
      "27": {
        "start": {
          "line": 68,
          "column": 0
        },
        "end": {
          "line": 68,
          "column": 37
        }
      },
      "28": {
        "start": {
          "line": 69,
          "column": 0
        },
        "end": {
          "line": 76,
          "column": 3
        }
      },
      "29": {
        "start": {
          "line": 70,
          "column": 2
        },
        "end": {
          "line": 70,
          "column": 121
        }
      },
      "30": {
        "start": {
          "line": 71,
          "column": 2
        },
        "end": {
          "line": 75,
          "column": 5
        }
      },
      "31": {
        "start": {
          "line": 72,
          "column": 4
        },
        "end": {
          "line": 72,
          "column": 29
        }
      },
      "32": {
        "start": {
          "line": 72,
          "column": 22
        },
        "end": {
          "line": 72,
          "column": 29
        }
      },
      "33": {
        "start": {
          "line": 73,
          "column": 30
        },
        "end": {
          "line": 73,
          "column": 113
        }
      },
      "34": {
        "start": {
          "line": 74,
          "column": 4
        },
        "end": {
          "line": 74,
          "column": 73
        }
      },
      "35": {
        "start": {
          "line": 74,
          "column": 27
        },
        "end": {
          "line": 74,
          "column": 73
        }
      }
    },
    "fnMap": {
      "0": {
        "name": "(anonymous_0)",
        "decl": {
          "start": {
            "line": 15,
            "column": 22
          },
          "end": {
            "line": 15,
            "column": 23
          }
        },
        "loc": {
          "start": {
            "line": 15,
            "column": 26
          },
          "end": {
            "line": 56,
            "column": 1
          }
        },
        "line": 15
      },
      "1": {
        "name": "(anonymous_1)",
        "decl": {
          "start": {
            "line": 57,
            "column": 50
          },
          "end": {
            "line": 57,
            "column": 51
          }
        },
        "loc": {
          "start": {
            "line": 57,
            "column": 61
          },
          "end": {
            "line": 61,
            "column": 1
          }
        },
        "line": 57
      },
      "2": {
        "name": "(anonymous_2)",
        "decl": {
          "start": {
            "line": 69,
            "column": 50
          },
          "end": {
            "line": 69,
            "column": 51
          }
        },
        "loc": {
          "start": {
            "line": 69,
            "column": 70
          },
          "end": {
            "line": 76,
            "column": 1
          }
        },
        "line": 69
      },
      "3": {
        "name": "(anonymous_3)",
        "decl": {
          "start": {
            "line": 71,
            "column": 25
          },
          "end": {
            "line": 71,
            "column": 26
          }
        },
        "loc": {
          "start": {
            "line": 71,
            "column": 42
          },
          "end": {
            "line": 75,
            "column": 3
          }
        },
        "line": 71
      }
    },
    "branchMap": {
      "0": {
        "loc": {
          "start": {
            "line": 3,
            "column": 0
          },
          "end": {
            "line": 3,
            "column": 104
          }
        },
        "type": "if",
        "locations": [
          {
            "start": {
              "line": 3,
              "column": 0
            },
            "end": {
              "line": 3,
              "column": 104
            }
          },
          {
            "start": {},
            "end": {}
          }
        ],
        "line": 3
      },
      "1": {
        "loc": {
          "start": {
            "line": 19,
            "column": 4
          },
          "end": {
            "line": 32,
            "column": 5
          }
        },
        "type": "switch",
        "locations": [
          {
            "start": {
              "line": 20,
              "column": 8
            },
            "end": {
              "line": 22,
              "column": 18
            }
          },
          {
            "start": {
              "line": 23,
              "column": 8
            },
            "end": {
              "line": 25,
              "column": 18
            }
          },
          {
            "start": {
              "line": 26,
              "column": 8
            },
            "end": {
              "line": 28,
              "column": 18
            }
          },
          {
            "start": {
              "line": 29,
              "column": 8
            },
            "end": {
              "line": 31,
              "column": 18
            }
          }
        ],
        "line": 19
      },
      "2": {
        "loc": {
          "start": {
            "line": 72,
            "column": 4
          },
          "end": {
            "line": 72,
            "column": 29
          }
        },
        "type": "if",
        "locations": [
          {
            "start": {
              "line": 72,
              "column": 4
            },
            "end": {
              "line": 72,
              "column": 29
            }
          },
          {
            "start": {},
            "end": {}
          }
        ],
        "line": 72
      },
      "3": {
        "loc": {
          "start": {
            "line": 74,
            "column": 4
          },
          "end": {
            "line": 74,
            "column": 73
          }
        },
        "type": "if",
        "locations": [
          {
            "start": {
              "line": 74,
              "column": 4
            },
            "end": {
              "line": 74,
              "column": 73
            }
          },
          {
            "start": {},
            "end": {}
          }
        ],
        "line": 74
      }
    },
    "s": {
      "0": 6,
      "1": 0,
      "2": 6,
      "3": 6,
      "4": 6,
      "5": 6,
      "6": 6,
      "7": 6,
      "8": 9,
      "9": 9,
      "10": 9,
      "11": 9,
      "12": 6,
      "13": 6,
      "14": 1,
      "15": 1,
      "16": 2,
      "17": 2,
      "18": 0,
      "19": 0,
      "20": 9,
      "21": 9,
      "22": 6,
      "23": 6,
      "24": 6,
      "25": 6,
      "26": 6,
      "27": 6,
      "28": 6,
      "29": 6,
      "30": 6,
      "31": 0,
      "32": 0,
      "33": 0,
      "34": 0,
      "35": 0
    },
    "f": {
      "0": 9,
      "1": 6,
      "2": 6,
      "3": 0
    },
    "b": {
      "0": [
        0,
        6
      ],
      "1": [
        6,
        1,
        2,
        0
      ],
      "2": [
        0,
        0
      ],
      "3": [
        0,
        0
      ]
    },
    "inputSourceMap": {
      "version": 3,
      "sources": [
        "C:/VSCode/react-task/src/components/Header/Header.tsx"
      ],
      "names": [
        "React",
        "useLocation",
        "Nav",
        "styles",
        "Header",
        "pathname",
        "path",
        "title",
        "header",
        "className",
        "h1"
      ],
      "mappings": ";;;;;;;;;;AAAA,OAAOA,WAAW,QAAQ;AAC1B,SAASC,WAAW,QAAQ,mBAAmB;AAE/C,SAASC,GAAG,QAAQ,aAAa;AAEjC,OAAOC,YAAY,sBAAsB;AAEzC,OAAO,MAAMC,SAAS,IAAM;;IAC1B,MAAM,EAAEC,SAAQ,EAAE,GAAGJ;IACrB,IAAIK,OAAO;IACX,OAAQD;QACN,KAAK;YACHC,OAAO;YACP,KAAM;QACR,KAAK;YACHA,OAAO;YACP,KAAM;QACR,KAAK;YACHA,OAAO;YACP,KAAM;QACR;YACEA,OAAO;YACP,KAAM;IACV;IACA,MAAMC,QAAQD;IAEd,qBACE,QAACE;QAAOC,WAAWN,OAAOK,MAAM;;0BAC9B,QAACE;gBAAGD,WAAWN,OAAOI,KAAK;0BAAGA;;;;;;0BAC9B,QAACL;;;;;;;;;;;AAGP,EAAE;GAzBWE;;QACUH;;;KADVG"
    },
    "_coverageSchema": "1a1c01bbd47fc00a2c39e90264f33305004495a9",
    "hash": "456e05877a77959ef3ee3e28028730827a0269fa"
  },
  "C:/VSCode/react-task/src/components/Footer/Footer.tsx": {
    "path": "C:/VSCode/react-task/src/components/Footer/Footer.tsx",
    "statementMap": {
      "0": {
        "start": {
          "line": 3,
          "column": 0
        },
        "end": {
          "line": 3,
          "column": 104
        }
      },
      "1": {
        "start": {
          "line": 3,
          "column": 26
        },
        "end": {
          "line": 3,
          "column": 104
        }
      },
      "2": {
        "start": {
          "line": 4,
          "column": 23
        },
        "end": {
          "line": 4,
          "column": 42
        }
      },
      "3": {
        "start": {
          "line": 5,
          "column": 23
        },
        "end": {
          "line": 5,
          "column": 42
        }
      },
      "4": {
        "start": {
          "line": 6,
          "column": 0
        },
        "end": {
          "line": 6,
          "column": 108
        }
      },
      "5": {
        "start": {
          "line": 7,
          "column": 0
        },
        "end": {
          "line": 7,
          "column": 73
        }
      },
      "6": {
        "start": {
          "line": 12,
          "column": 22
        },
        "end": {
          "line": 60,
          "column": 12
        }
      },
      "7": {
        "start": {
          "line": 12,
          "column": 40
        },
        "end": {
          "line": 60,
          "column": 12
        }
      },
      "8": {
        "start": {
          "line": 61,
          "column": 0
        },
        "end": {
          "line": 61,
          "column": 12
        }
      },
      "9": {
        "start": {
          "line": 63,
          "column": 0
        },
        "end": {
          "line": 63,
          "column": 27
        }
      },
      "10": {
        "start": {
          "line": 66,
          "column": 0
        },
        "end": {
          "line": 66,
          "column": 37
        }
      },
      "11": {
        "start": {
          "line": 67,
          "column": 0
        },
        "end": {
          "line": 67,
          "column": 37
        }
      },
      "12": {
        "start": {
          "line": 68,
          "column": 0
        },
        "end": {
          "line": 75,
          "column": 3
        }
      },
      "13": {
        "start": {
          "line": 69,
          "column": 2
        },
        "end": {
          "line": 69,
          "column": 121
        }
      },
      "14": {
        "start": {
          "line": 70,
          "column": 2
        },
        "end": {
          "line": 74,
          "column": 5
        }
      },
      "15": {
        "start": {
          "line": 71,
          "column": 4
        },
        "end": {
          "line": 71,
          "column": 29
        }
      },
      "16": {
        "start": {
          "line": 71,
          "column": 22
        },
        "end": {
          "line": 71,
          "column": 29
        }
      },
      "17": {
        "start": {
          "line": 72,
          "column": 30
        },
        "end": {
          "line": 72,
          "column": 113
        }
      },
      "18": {
        "start": {
          "line": 73,
          "column": 4
        },
        "end": {
          "line": 73,
          "column": 73
        }
      },
      "19": {
        "start": {
          "line": 73,
          "column": 27
        },
        "end": {
          "line": 73,
          "column": 73
        }
      }
    },
    "fnMap": {
      "0": {
        "name": "(anonymous_0)",
        "decl": {
          "start": {
            "line": 12,
            "column": 22
          },
          "end": {
            "line": 12,
            "column": 23
          }
        },
        "loc": {
          "start": {
            "line": 12,
            "column": 40
          },
          "end": {
            "line": 60,
            "column": 12
          }
        },
        "line": 12
      },
      "1": {
        "name": "(anonymous_1)",
        "decl": {
          "start": {
            "line": 68,
            "column": 50
          },
          "end": {
            "line": 68,
            "column": 51
          }
        },
        "loc": {
          "start": {
            "line": 68,
            "column": 70
          },
          "end": {
            "line": 75,
            "column": 1
          }
        },
        "line": 68
      },
      "2": {
        "name": "(anonymous_2)",
        "decl": {
          "start": {
            "line": 70,
            "column": 25
          },
          "end": {
            "line": 70,
            "column": 26
          }
        },
        "loc": {
          "start": {
            "line": 70,
            "column": 42
          },
          "end": {
            "line": 74,
            "column": 3
          }
        },
        "line": 70
      }
    },
    "branchMap": {
      "0": {
        "loc": {
          "start": {
            "line": 3,
            "column": 0
          },
          "end": {
            "line": 3,
            "column": 104
          }
        },
        "type": "if",
        "locations": [
          {
            "start": {
              "line": 3,
              "column": 0
            },
            "end": {
              "line": 3,
              "column": 104
            }
          },
          {
            "start": {},
            "end": {}
          }
        ],
        "line": 3
      },
      "1": {
        "loc": {
          "start": {
            "line": 71,
            "column": 4
          },
          "end": {
            "line": 71,
            "column": 29
          }
        },
        "type": "if",
        "locations": [
          {
            "start": {
              "line": 71,
              "column": 4
            },
            "end": {
              "line": 71,
              "column": 29
            }
          },
          {
            "start": {},
            "end": {}
          }
        ],
        "line": 71
      },
      "2": {
        "loc": {
          "start": {
            "line": 73,
            "column": 4
          },
          "end": {
            "line": 73,
            "column": 73
          }
        },
        "type": "if",
        "locations": [
          {
            "start": {
              "line": 73,
              "column": 4
            },
            "end": {
              "line": 73,
              "column": 73
            }
          },
          {
            "start": {},
            "end": {}
          }
        ],
        "line": 73
      }
    },
    "s": {
      "0": 6,
      "1": 0,
      "2": 6,
      "3": 6,
      "4": 6,
      "5": 6,
      "6": 6,
      "7": 6,
      "8": 6,
      "9": 6,
      "10": 6,
      "11": 6,
      "12": 6,
      "13": 6,
      "14": 6,
      "15": 0,
      "16": 0,
      "17": 0,
      "18": 0,
      "19": 0
    },
    "f": {
      "0": 6,
      "1": 6,
      "2": 0
    },
    "b": {
      "0": [
        0,
        6
      ],
      "1": [
        0,
        0
      ],
      "2": [
        0,
        0
      ]
    },
    "inputSourceMap": {
      "version": 3,
      "sources": [
        "C:/VSCode/react-task/src/components/Footer/Footer.tsx"
      ],
      "names": [
        "React",
        "styles",
        "Footer",
        "footer",
        "className",
        "a",
        "href",
        "img",
        "src",
        "alt",
        "p",
        "year"
      ],
      "mappings": ";;;;;;;;;AAAA,OAAOA,WAAW,QAAQ;AAE1B,OAAOC,YAAY,sBAAsB;AAEzC,OAAO,MAAMC,SAAS,kBACpB,QAACC;QAAOC,WAAWH,OAAOE,MAAM;;0BAC9B,QAACE;gBAAEC,MAAK;0BACN,cAAA,QAACC;oBAAIH,WAAWH,OAAOM,GAAG;oBAAEC,KAAI;oBAAeC,KAAI;;;;;;;;;;;0BAErD,QAACC;gBAAEN,WAAWH,OAAOU,IAAI;0BAAE;;;;;;0BAC3B,QAACN;gBAAEC,MAAK;0BACN,cAAA,QAACC;oBAAIH,WAAWH,OAAOM,GAAG;oBAAEC,KAAI;oBAAkBC,KAAI;;;;;;;;;;;;;;;;aAG1D;KAVWP"
    },
    "_coverageSchema": "1a1c01bbd47fc00a2c39e90264f33305004495a9",
    "hash": "b4870b4b8781cd042198451cdc4f30df6467cbc5"
  },
  "C:/VSCode/react-task/src/pages/About/About.tsx": {
    "path": "C:/VSCode/react-task/src/pages/About/About.tsx",
    "statementMap": {
      "0": {
        "start": {
          "line": 3,
          "column": 0
        },
        "end": {
          "line": 3,
          "column": 104
        }
      },
      "1": {
        "start": {
          "line": 3,
          "column": 26
        },
        "end": {
          "line": 3,
          "column": 104
        }
      },
      "2": {
        "start": {
          "line": 4,
          "column": 23
        },
        "end": {
          "line": 4,
          "column": 42
        }
      },
      "3": {
        "start": {
          "line": 5,
          "column": 23
        },
        "end": {
          "line": 5,
          "column": 42
        }
      },
      "4": {
        "start": {
          "line": 6,
          "column": 0
        },
        "end": {
          "line": 6,
          "column": 101
        }
      },
      "5": {
        "start": {
          "line": 7,
          "column": 0
        },
        "end": {
          "line": 7,
          "column": 73
        }
      },
      "6": {
        "start": {
          "line": 12,
          "column": 21
        },
        "end": {
          "line": 26,
          "column": 12
        }
      },
      "7": {
        "start": {
          "line": 12,
          "column": 39
        },
        "end": {
          "line": 26,
          "column": 12
        }
      },
      "8": {
        "start": {
          "line": 27,
          "column": 0
        },
        "end": {
          "line": 27,
          "column": 11
        }
      },
      "9": {
        "start": {
          "line": 29,
          "column": 0
        },
        "end": {
          "line": 29,
          "column": 26
        }
      },
      "10": {
        "start": {
          "line": 32,
          "column": 0
        },
        "end": {
          "line": 32,
          "column": 37
        }
      },
      "11": {
        "start": {
          "line": 33,
          "column": 0
        },
        "end": {
          "line": 33,
          "column": 37
        }
      },
      "12": {
        "start": {
          "line": 34,
          "column": 0
        },
        "end": {
          "line": 41,
          "column": 3
        }
      },
      "13": {
        "start": {
          "line": 35,
          "column": 2
        },
        "end": {
          "line": 35,
          "column": 114
        }
      },
      "14": {
        "start": {
          "line": 36,
          "column": 2
        },
        "end": {
          "line": 40,
          "column": 5
        }
      },
      "15": {
        "start": {
          "line": 37,
          "column": 4
        },
        "end": {
          "line": 37,
          "column": 29
        }
      },
      "16": {
        "start": {
          "line": 37,
          "column": 22
        },
        "end": {
          "line": 37,
          "column": 29
        }
      },
      "17": {
        "start": {
          "line": 38,
          "column": 30
        },
        "end": {
          "line": 38,
          "column": 113
        }
      },
      "18": {
        "start": {
          "line": 39,
          "column": 4
        },
        "end": {
          "line": 39,
          "column": 73
        }
      },
      "19": {
        "start": {
          "line": 39,
          "column": 27
        },
        "end": {
          "line": 39,
          "column": 73
        }
      }
    },
    "fnMap": {
      "0": {
        "name": "(anonymous_0)",
        "decl": {
          "start": {
            "line": 12,
            "column": 21
          },
          "end": {
            "line": 12,
            "column": 22
          }
        },
        "loc": {
          "start": {
            "line": 12,
            "column": 39
          },
          "end": {
            "line": 26,
            "column": 12
          }
        },
        "line": 12
      },
      "1": {
        "name": "(anonymous_1)",
        "decl": {
          "start": {
            "line": 34,
            "column": 50
          },
          "end": {
            "line": 34,
            "column": 51
          }
        },
        "loc": {
          "start": {
            "line": 34,
            "column": 70
          },
          "end": {
            "line": 41,
            "column": 1
          }
        },
        "line": 34
      },
      "2": {
        "name": "(anonymous_2)",
        "decl": {
          "start": {
            "line": 36,
            "column": 25
          },
          "end": {
            "line": 36,
            "column": 26
          }
        },
        "loc": {
          "start": {
            "line": 36,
            "column": 42
          },
          "end": {
            "line": 40,
            "column": 3
          }
        },
        "line": 36
      }
    },
    "branchMap": {
      "0": {
        "loc": {
          "start": {
            "line": 3,
            "column": 0
          },
          "end": {
            "line": 3,
            "column": 104
          }
        },
        "type": "if",
        "locations": [
          {
            "start": {
              "line": 3,
              "column": 0
            },
            "end": {
              "line": 3,
              "column": 104
            }
          },
          {
            "start": {},
            "end": {}
          }
        ],
        "line": 3
      },
      "1": {
        "loc": {
          "start": {
            "line": 37,
            "column": 4
          },
          "end": {
            "line": 37,
            "column": 29
          }
        },
        "type": "if",
        "locations": [
          {
            "start": {
              "line": 37,
              "column": 4
            },
            "end": {
              "line": 37,
              "column": 29
            }
          },
          {
            "start": {},
            "end": {}
          }
        ],
        "line": 37
      },
      "2": {
        "loc": {
          "start": {
            "line": 39,
            "column": 4
          },
          "end": {
            "line": 39,
            "column": 73
          }
        },
        "type": "if",
        "locations": [
          {
            "start": {
              "line": 39,
              "column": 4
            },
            "end": {
              "line": 39,
              "column": 73
            }
          },
          {
            "start": {},
            "end": {}
          }
        ],
        "line": 39
      }
    },
    "s": {
      "0": 6,
      "1": 0,
      "2": 6,
      "3": 6,
      "4": 6,
      "5": 6,
      "6": 6,
      "7": 2,
      "8": 6,
      "9": 6,
      "10": 6,
      "11": 6,
      "12": 6,
      "13": 6,
      "14": 6,
      "15": 0,
      "16": 0,
      "17": 0,
      "18": 0,
      "19": 0
    },
    "f": {
      "0": 2,
      "1": 6,
      "2": 0
    },
    "b": {
      "0": [
        0,
        6
      ],
      "1": [
        0,
        0
      ],
      "2": [
        0,
        0
      ]
    },
    "inputSourceMap": {
      "version": 3,
      "sources": [
        "C:/VSCode/react-task/src/pages/About/About.tsx"
      ],
      "names": [
        "React",
        "styles",
        "About",
        "div",
        "className",
        "about",
        "h2",
        "text"
      ],
      "mappings": ";;;;;;;;;AAAA,OAAOA,WAAW,QAAQ;AAE1B,OAAOC,YAAY,qBAAqB;AAExC,OAAO,MAAMC,QAAQ,kBACnB,QAACC;QAAIC,WAAWH,OAAOI,KAAK;kBAC1B,cAAA,QAACC;YAAGF,WAAWH,OAAOM,IAAI;sBAAE;;;;;;;;;;aAE9B;KAJWL"
    },
    "_coverageSchema": "1a1c01bbd47fc00a2c39e90264f33305004495a9",
    "hash": "9f0773eeb1d2cbce640e86110edd7261003d9c17"
  },
  "C:/VSCode/react-task/src/pages/NotFound/NotFound.tsx": {
    "path": "C:/VSCode/react-task/src/pages/NotFound/NotFound.tsx",
    "statementMap": {
      "0": {
        "start": {
          "line": 3,
          "column": 0
        },
        "end": {
          "line": 3,
          "column": 104
        }
      },
      "1": {
        "start": {
          "line": 3,
          "column": 26
        },
        "end": {
          "line": 3,
          "column": 104
        }
      },
      "2": {
        "start": {
          "line": 4,
          "column": 23
        },
        "end": {
          "line": 4,
          "column": 42
        }
      },
      "3": {
        "start": {
          "line": 5,
          "column": 23
        },
        "end": {
          "line": 5,
          "column": 42
        }
      },
      "4": {
        "start": {
          "line": 6,
          "column": 0
        },
        "end": {
          "line": 6,
          "column": 107
        }
      },
      "5": {
        "start": {
          "line": 7,
          "column": 0
        },
        "end": {
          "line": 7,
          "column": 73
        }
      },
      "6": {
        "start": {
          "line": 12,
          "column": 24
        },
        "end": {
          "line": 26,
          "column": 12
        }
      },
      "7": {
        "start": {
          "line": 12,
          "column": 42
        },
        "end": {
          "line": 26,
          "column": 12
        }
      },
      "8": {
        "start": {
          "line": 27,
          "column": 0
        },
        "end": {
          "line": 27,
          "column": 14
        }
      },
      "9": {
        "start": {
          "line": 29,
          "column": 0
        },
        "end": {
          "line": 29,
          "column": 29
        }
      },
      "10": {
        "start": {
          "line": 32,
          "column": 0
        },
        "end": {
          "line": 32,
          "column": 37
        }
      },
      "11": {
        "start": {
          "line": 33,
          "column": 0
        },
        "end": {
          "line": 33,
          "column": 37
        }
      },
      "12": {
        "start": {
          "line": 34,
          "column": 0
        },
        "end": {
          "line": 41,
          "column": 3
        }
      },
      "13": {
        "start": {
          "line": 35,
          "column": 2
        },
        "end": {
          "line": 35,
          "column": 120
        }
      },
      "14": {
        "start": {
          "line": 36,
          "column": 2
        },
        "end": {
          "line": 40,
          "column": 5
        }
      },
      "15": {
        "start": {
          "line": 37,
          "column": 4
        },
        "end": {
          "line": 37,
          "column": 29
        }
      },
      "16": {
        "start": {
          "line": 37,
          "column": 22
        },
        "end": {
          "line": 37,
          "column": 29
        }
      },
      "17": {
        "start": {
          "line": 38,
          "column": 30
        },
        "end": {
          "line": 38,
          "column": 113
        }
      },
      "18": {
        "start": {
          "line": 39,
          "column": 4
        },
        "end": {
          "line": 39,
          "column": 73
        }
      },
      "19": {
        "start": {
          "line": 39,
          "column": 27
        },
        "end": {
          "line": 39,
          "column": 73
        }
      }
    },
    "fnMap": {
      "0": {
        "name": "(anonymous_0)",
        "decl": {
          "start": {
            "line": 12,
            "column": 24
          },
          "end": {
            "line": 12,
            "column": 25
          }
        },
        "loc": {
          "start": {
            "line": 12,
            "column": 42
          },
          "end": {
            "line": 26,
            "column": 12
          }
        },
        "line": 12
      },
      "1": {
        "name": "(anonymous_1)",
        "decl": {
          "start": {
            "line": 34,
            "column": 50
          },
          "end": {
            "line": 34,
            "column": 51
          }
        },
        "loc": {
          "start": {
            "line": 34,
            "column": 70
          },
          "end": {
            "line": 41,
            "column": 1
          }
        },
        "line": 34
      },
      "2": {
        "name": "(anonymous_2)",
        "decl": {
          "start": {
            "line": 36,
            "column": 25
          },
          "end": {
            "line": 36,
            "column": 26
          }
        },
        "loc": {
          "start": {
            "line": 36,
            "column": 42
          },
          "end": {
            "line": 40,
            "column": 3
          }
        },
        "line": 36
      }
    },
    "branchMap": {
      "0": {
        "loc": {
          "start": {
            "line": 3,
            "column": 0
          },
          "end": {
            "line": 3,
            "column": 104
          }
        },
        "type": "if",
        "locations": [
          {
            "start": {
              "line": 3,
              "column": 0
            },
            "end": {
              "line": 3,
              "column": 104
            }
          },
          {
            "start": {},
            "end": {}
          }
        ],
        "line": 3
      },
      "1": {
        "loc": {
          "start": {
            "line": 37,
            "column": 4
          },
          "end": {
            "line": 37,
            "column": 29
          }
        },
        "type": "if",
        "locations": [
          {
            "start": {
              "line": 37,
              "column": 4
            },
            "end": {
              "line": 37,
              "column": 29
            }
          },
          {
            "start": {},
            "end": {}
          }
        ],
        "line": 37
      },
      "2": {
        "loc": {
          "start": {
            "line": 39,
            "column": 4
          },
          "end": {
            "line": 39,
            "column": 73
          }
        },
        "type": "if",
        "locations": [
          {
            "start": {
              "line": 39,
              "column": 4
            },
            "end": {
              "line": 39,
              "column": 73
            }
          },
          {
            "start": {},
            "end": {}
          }
        ],
        "line": 39
      }
    },
    "s": {
      "0": 6,
      "1": 0,
      "2": 6,
      "3": 6,
      "4": 6,
      "5": 6,
      "6": 6,
      "7": 0,
      "8": 6,
      "9": 6,
      "10": 6,
      "11": 6,
      "12": 6,
      "13": 6,
      "14": 6,
      "15": 0,
      "16": 0,
      "17": 0,
      "18": 0,
      "19": 0
    },
    "f": {
      "0": 0,
      "1": 6,
      "2": 0
    },
    "b": {
      "0": [
        0,
        6
      ],
      "1": [
        0,
        0
      ],
      "2": [
        0,
        0
      ]
    },
    "inputSourceMap": {
      "version": 3,
      "sources": [
        "C:/VSCode/react-task/src/pages/NotFound/NotFound.tsx"
      ],
      "names": [
        "React",
        "styles",
        "NotFound",
        "div",
        "className",
        "notFound",
        "h2",
        "text"
      ],
      "mappings": ";;;;;;;;;AAAA,OAAOA,WAAW,QAAQ;AAE1B,OAAOC,YAAY,wBAAwB;AAE3C,OAAO,MAAMC,WAAW,kBACtB,QAACC;QAAIC,WAAWH,OAAOI,QAAQ;kBAC7B,cAAA,QAACC;YAAGF,WAAWH,OAAOM,IAAI;sBAAE;;;;;;;;;;aAE9B;KAJWL"
    },
    "_coverageSchema": "1a1c01bbd47fc00a2c39e90264f33305004495a9",
    "hash": "269a68e6be752348796e4e610087b3ae7130fa0c"
  },
  "C:/VSCode/react-task/src/redux/slice/searchSlice.ts": {
    "path": "C:/VSCode/react-task/src/redux/slice/searchSlice.ts",
    "statementMap": {
      "0": {
        "start": {
          "line": 2,
          "column": 21
        },
        "end": {
          "line": 4,
          "column": 1
        }
      },
      "1": {
        "start": {
          "line": 5,
          "column": 20
        },
        "end": {
          "line": 13,
          "column": 2
        }
      },
      "2": {
        "start": {
          "line": 10,
          "column": 12
        },
        "end": {
          "line": 10,
          "column": 42
        }
      },
      "3": {
        "start": {
          "line": 14,
          "column": 38
        },
        "end": {
          "line": 14,
          "column": 57
        }
      },
      "4": {
        "start": {
          "line": 15,
          "column": 29
        },
        "end": {
          "line": 15,
          "column": 48
        }
      }
    },
    "fnMap": {
      "0": {
        "name": "(anonymous_0)",
        "decl": {
          "start": {
            "line": 9,
            "column": 8
          },
          "end": {
            "line": 9,
            "column": 9
          }
        },
        "loc": {
          "start": {
            "line": 9,
            "column": 42
          },
          "end": {
            "line": 11,
            "column": 9
          }
        },
        "line": 9
      }
    },
    "branchMap": {},
    "s": {
      "0": 6,
      "1": 6,
      "2": 0,
      "3": 6,
      "4": 6
    },
    "f": {
      "0": 0
    },
    "b": {},
    "inputSourceMap": {
      "version": 3,
      "sources": [
        "C:/VSCode/react-task/src/redux/slice/searchSlice.ts"
      ],
      "names": [
        "createSlice",
        "initialState",
        "search",
        "searchSlice",
        "name",
        "reducers",
        "updateSearchValue",
        "state",
        "action",
        "payload",
        "actions",
        "searchReducer",
        "reducer"
      ],
      "mappings": "AAAA,SAAwBA,WAAW,QAAQ,mBAAmB;AAI9D,MAAMC,eAA6B;IACjCC,QAAQ;AACV;AAEA,MAAMC,cAAcH,YAAY;IAC9BI,MAAM;IACNH;IACAI,UAAU;QACRC,mBAAkBC,KAAK,EAAEC,MAA6B,EAAE;YACtDD,MAAML,MAAM,GAAGM,OAAOC,OAAO;QAC/B;IACF;AACF;AAEA,OAAO,MAAM,EAAEH,kBAAiB,EAAE,GAAGH,YAAYO,OAAO,CAAC;AAEzD,OAAO,MAAMC,gBAAgBR,YAAYS,OAAO,CAAC"
    },
    "_coverageSchema": "1a1c01bbd47fc00a2c39e90264f33305004495a9",
    "hash": "c211137972787aaa5c9b84640caaad2251238fc7"
  },
  "C:/VSCode/react-task/src/components/Search/Search.tsx": {
    "path": "C:/VSCode/react-task/src/components/Search/Search.tsx",
    "statementMap": {
      "0": {
        "start": {
          "line": 3,
          "column": 0
        },
        "end": {
          "line": 3,
          "column": 104
        }
      },
      "1": {
        "start": {
          "line": 3,
          "column": 26
        },
        "end": {
          "line": 3,
          "column": 104
        }
      },
      "2": {
        "start": {
          "line": 4,
          "column": 23
        },
        "end": {
          "line": 4,
          "column": 42
        }
      },
      "3": {
        "start": {
          "line": 5,
          "column": 23
        },
        "end": {
          "line": 5,
          "column": 42
        }
      },
      "4": {
        "start": {
          "line": 6,
          "column": 0
        },
        "end": {
          "line": 6,
          "column": 108
        }
      },
      "5": {
        "start": {
          "line": 7,
          "column": 0
        },
        "end": {
          "line": 7,
          "column": 73
        }
      },
      "6": {
        "start": {
          "line": 10,
          "column": 9
        },
        "end": {
          "line": 10,
          "column": 23
        }
      },
      "7": {
        "start": {
          "line": 15,
          "column": 22
        },
        "end": {
          "line": 75,
          "column": 1
        }
      },
      "8": {
        "start": {
          "line": 16,
          "column": 4
        },
        "end": {
          "line": 16,
          "column": 9
        }
      },
      "9": {
        "start": {
          "line": 17,
          "column": 21
        },
        "end": {
          "line": 17,
          "column": 34
        }
      },
      "10": {
        "start": {
          "line": 18,
          "column": 22
        },
        "end": {
          "line": 18,
          "column": 34
        }
      },
      "11": {
        "start": {
          "line": 19,
          "column": 19
        },
        "end": {
          "line": 19,
          "column": 60
        }
      },
      "12": {
        "start": {
          "line": 19,
          "column": 40
        },
        "end": {
          "line": 19,
          "column": 59
        }
      },
      "13": {
        "start": {
          "line": 20,
          "column": 25
        },
        "end": {
          "line": 22,
          "column": 5
        }
      },
      "14": {
        "start": {
          "line": 21,
          "column": 8
        },
        "end": {
          "line": 21,
          "column": 68
        }
      },
      "15": {
        "start": {
          "line": 23,
          "column": 24
        },
        "end": {
          "line": 27,
          "column": 5
        }
      },
      "16": {
        "start": {
          "line": 24,
          "column": 8
        },
        "end": {
          "line": 26,
          "column": 9
        }
      },
      "17": {
        "start": {
          "line": 25,
          "column": 12
        },
        "end": {
          "line": 25,
          "column": 27
        }
      },
      "18": {
        "start": {
          "line": 28,
          "column": 4
        },
        "end": {
          "line": 35,
          "column": 7
        }
      },
      "19": {
        "start": {
          "line": 29,
          "column": 24
        },
        "end": {
          "line": 29,
          "column": 41
        }
      },
      "20": {
        "start": {
          "line": 30,
          "column": 8
        },
        "end": {
          "line": 32,
          "column": 9
        }
      },
      "21": {
        "start": {
          "line": 31,
          "column": 12
        },
        "end": {
          "line": 31,
          "column": 35
        }
      },
      "22": {
        "start": {
          "line": 36,
          "column": 4
        },
        "end": {
          "line": 74,
          "column": 13
        }
      },
      "23": {
        "start": {
          "line": 76,
          "column": 0
        },
        "end": {
          "line": 81,
          "column": 3
        }
      },
      "24": {
        "start": {
          "line": 77,
          "column": 4
        },
        "end": {
          "line": 80,
          "column": 6
        }
      },
      "25": {
        "start": {
          "line": 82,
          "column": 0
        },
        "end": {
          "line": 82,
          "column": 12
        }
      },
      "26": {
        "start": {
          "line": 84,
          "column": 0
        },
        "end": {
          "line": 84,
          "column": 27
        }
      },
      "27": {
        "start": {
          "line": 87,
          "column": 0
        },
        "end": {
          "line": 87,
          "column": 37
        }
      },
      "28": {
        "start": {
          "line": 88,
          "column": 0
        },
        "end": {
          "line": 88,
          "column": 37
        }
      },
      "29": {
        "start": {
          "line": 89,
          "column": 0
        },
        "end": {
          "line": 96,
          "column": 3
        }
      },
      "30": {
        "start": {
          "line": 90,
          "column": 2
        },
        "end": {
          "line": 90,
          "column": 121
        }
      },
      "31": {
        "start": {
          "line": 91,
          "column": 2
        },
        "end": {
          "line": 95,
          "column": 5
        }
      },
      "32": {
        "start": {
          "line": 92,
          "column": 4
        },
        "end": {
          "line": 92,
          "column": 29
        }
      },
      "33": {
        "start": {
          "line": 92,
          "column": 22
        },
        "end": {
          "line": 92,
          "column": 29
        }
      },
      "34": {
        "start": {
          "line": 93,
          "column": 30
        },
        "end": {
          "line": 93,
          "column": 113
        }
      },
      "35": {
        "start": {
          "line": 94,
          "column": 4
        },
        "end": {
          "line": 94,
          "column": 73
        }
      },
      "36": {
        "start": {
          "line": 94,
          "column": 27
        },
        "end": {
          "line": 94,
          "column": 73
        }
      }
    },
    "fnMap": {
      "0": {
        "name": "(anonymous_0)",
        "decl": {
          "start": {
            "line": 15,
            "column": 22
          },
          "end": {
            "line": 15,
            "column": 23
          }
        },
        "loc": {
          "start": {
            "line": 15,
            "column": 26
          },
          "end": {
            "line": 75,
            "column": 1
          }
        },
        "line": 15
      },
      "1": {
        "name": "(anonymous_1)",
        "decl": {
          "start": {
            "line": 19,
            "column": 31
          },
          "end": {
            "line": 19,
            "column": 32
          }
        },
        "loc": {
          "start": {
            "line": 19,
            "column": 40
          },
          "end": {
            "line": 19,
            "column": 59
          }
        },
        "line": 19
      },
      "2": {
        "name": "(anonymous_2)",
        "decl": {
          "start": {
            "line": 20,
            "column": 25
          },
          "end": {
            "line": 20,
            "column": 26
          }
        },
        "loc": {
          "start": {
            "line": 20,
            "column": 29
          },
          "end": {
            "line": 22,
            "column": 5
          }
        },
        "line": 20
      },
      "3": {
        "name": "(anonymous_3)",
        "decl": {
          "start": {
            "line": 23,
            "column": 24
          },
          "end": {
            "line": 23,
            "column": 25
          }
        },
        "loc": {
          "start": {
            "line": 23,
            "column": 33
          },
          "end": {
            "line": 27,
            "column": 5
          }
        },
        "line": 23
      },
      "4": {
        "name": "(anonymous_4)",
        "decl": {
          "start": {
            "line": 28,
            "column": 14
          },
          "end": {
            "line": 28,
            "column": 15
          }
        },
        "loc": {
          "start": {
            "line": 28,
            "column": 18
          },
          "end": {
            "line": 33,
            "column": 5
          }
        },
        "line": 28
      },
      "5": {
        "name": "(anonymous_5)",
        "decl": {
          "start": {
            "line": 76,
            "column": 50
          },
          "end": {
            "line": 76,
            "column": 51
          }
        },
        "loc": {
          "start": {
            "line": 76,
            "column": 61
          },
          "end": {
            "line": 81,
            "column": 1
          }
        },
        "line": 76
      },
      "6": {
        "name": "(anonymous_6)",
        "decl": {
          "start": {
            "line": 89,
            "column": 50
          },
          "end": {
            "line": 89,
            "column": 51
          }
        },
        "loc": {
          "start": {
            "line": 89,
            "column": 70
          },
          "end": {
            "line": 96,
            "column": 1
          }
        },
        "line": 89
      },
      "7": {
        "name": "(anonymous_7)",
        "decl": {
          "start": {
            "line": 91,
            "column": 25
          },
          "end": {
            "line": 91,
            "column": 26
          }
        },
        "loc": {
          "start": {
            "line": 91,
            "column": 42
          },
          "end": {
            "line": 95,
            "column": 3
          }
        },
        "line": 91
      }
    },
    "branchMap": {
      "0": {
        "loc": {
          "start": {
            "line": 3,
            "column": 0
          },
          "end": {
            "line": 3,
            "column": 104
          }
        },
        "type": "if",
        "locations": [
          {
            "start": {
              "line": 3,
              "column": 0
            },
            "end": {
              "line": 3,
              "column": 104
            }
          },
          {
            "start": {},
            "end": {}
          }
        ],
        "line": 3
      },
      "1": {
        "loc": {
          "start": {
            "line": 21,
            "column": 35
          },
          "end": {
            "line": 21,
            "column": 65
          }
        },
        "type": "binary-expr",
        "locations": [
          {
            "start": {
              "line": 21,
              "column": 35
            },
            "end": {
              "line": 21,
              "column": 59
            }
          },
          {
            "start": {
              "line": 21,
              "column": 63
            },
            "end": {
              "line": 21,
              "column": 65
            }
          }
        ],
        "line": 21
      },
      "2": {
        "loc": {
          "start": {
            "line": 24,
            "column": 8
          },
          "end": {
            "line": 26,
            "column": 9
          }
        },
        "type": "if",
        "locations": [
          {
            "start": {
              "line": 24,
              "column": 8
            },
            "end": {
              "line": 26,
              "column": 9
            }
          },
          {
            "start": {},
            "end": {}
          }
        ],
        "line": 24
      },
      "3": {
        "loc": {
          "start": {
            "line": 30,
            "column": 8
          },
          "end": {
            "line": 32,
            "column": 9
          }
        },
        "type": "if",
        "locations": [
          {
            "start": {
              "line": 30,
              "column": 8
            },
            "end": {
              "line": 32,
              "column": 9
            }
          },
          {
            "start": {},
            "end": {}
          }
        ],
        "line": 30
      },
      "4": {
        "loc": {
          "start": {
            "line": 92,
            "column": 4
          },
          "end": {
            "line": 92,
            "column": 29
          }
        },
        "type": "if",
        "locations": [
          {
            "start": {
              "line": 92,
              "column": 4
            },
            "end": {
              "line": 92,
              "column": 29
            }
          },
          {
            "start": {},
            "end": {}
          }
        ],
        "line": 92
      },
      "5": {
        "loc": {
          "start": {
            "line": 94,
            "column": 4
          },
          "end": {
            "line": 94,
            "column": 73
          }
        },
        "type": "if",
        "locations": [
          {
            "start": {
              "line": 94,
              "column": 4
            },
            "end": {
              "line": 94,
              "column": 73
            }
          },
          {
            "start": {},
            "end": {}
          }
        ],
        "line": 94
      }
    },
    "s": {
      "0": 6,
      "1": 0,
      "2": 6,
      "3": 6,
      "4": 6,
      "5": 6,
      "6": 6,
      "7": 6,
      "8": 7,
      "9": 7,
      "10": 7,
      "11": 7,
      "12": 13,
      "13": 7,
      "14": 0,
      "15": 7,
      "16": 0,
      "17": 0,
      "18": 7,
      "19": 6,
      "20": 6,
      "21": 6,
      "22": 7,
      "23": 6,
      "24": 6,
      "25": 6,
      "26": 6,
      "27": 6,
      "28": 6,
      "29": 6,
      "30": 4,
      "31": 4,
      "32": 0,
      "33": 0,
      "34": 0,
      "35": 0,
      "36": 0
    },
    "f": {
      "0": 7,
      "1": 13,
      "2": 0,
      "3": 0,
      "4": 6,
      "5": 6,
      "6": 4,
      "7": 0
    },
    "b": {
      "0": [
        0,
        6
      ],
      "1": [
        0,
        0
      ],
      "2": [
        0,
        0
      ],
      "3": [
        6,
        0
      ],
      "4": [
        0,
        0
      ],
      "5": [
        0,
        0
      ]
    },
    "inputSourceMap": {
      "version": 3,
      "sources": [
        "C:/VSCode/react-task/src/components/Search/Search.tsx"
      ],
      "names": [
        "React",
        "useEffect",
        "useRef",
        "useDispatch",
        "useSelector",
        "styles",
        "updateSearchValue",
        "Search",
        "dispatch",
        "searchRef",
        "search",
        "state",
        "handleSubmit",
        "current",
        "value",
        "handleEnter",
        "event",
        "key",
        "div",
        "className",
        "data-testid",
        "input",
        "type",
        "searchWindow",
        "placeholder",
        "ref",
        "onKeyUp",
        "button",
        "searchButton",
        "onClick",
        "img",
        "searchImg",
        "src",
        "alt"
      ],
      "mappings": ";;;;;;;;;;AAAA,OAAOA,SAAwBC,SAAS,EAAEC,MAAM,QAAQ,QAAQ;AAChE,SAASC,WAAW,EAAEC,WAAW,QAAQ,cAAc;AAEvD,OAAOC,YAAY,sBAAsB;AAEzC,SAASC,iBAAiB,QAAQ,gCAAgC;AAElE,OAAO,MAAMC,SAAS,IAAM;;IAC1B,MAAMC,WAAWL;IACjB,MAAMM,YAAYP,OAAyB,IAAI;IAC/C,MAAMQ,SAASN,YAAY,CAACO,QAAsBA,MAAMD,MAAM,CAACA,MAAM;IAErE,MAAME,eAAe,IAAM;QACzBJ,SAASF,kBAAkBG,UAAUI,OAAO,EAAEC,SAAS;IACzD;IAEA,MAAMC,cAAc,CAACC,QAAyB;QAC5C,IAAIA,MAAMC,GAAG,KAAK,SAAS;YACzBL;QACF,CAAC;IACH;IAEAX,UAAU,IAAM;QACd,MAAMY,UAAUJ,UAAUI,OAAO;QAEjC,IAAIA,SAAS;YACXA,QAAQC,KAAK,GAAGJ;QAClB,CAAC;IACH,GAAG;QAACA;KAAO;IAEX,qBACE,QAACQ;QAAIC,WAAWd,OAAOK,MAAM;QAAEU,eAAY;;0BACzC,QAACC;gBACCC,MAAK;gBACLH,WAAWd,OAAOkB,YAAY;gBAC9BC,aAAY;gBACZC,KAAKhB;gBACLiB,SAASX;;;;;;0BAEX,QAACY;gBAAOL,MAAK;gBAASH,WAAWd,OAAOuB,YAAY;gBAAEC,SAASjB;0BAC7D,cAAA,QAACkB;oBAAIX,WAAWd,OAAO0B,SAAS;oBAAEC,KAAI;oBAAeC,KAAI;;;;;;;;;;;;;;;;;AAIjE,EAAE;GArCW1B;;QACMJ;QAEFC;;;KAHJG"
    },
    "_coverageSchema": "1a1c01bbd47fc00a2c39e90264f33305004495a9",
    "hash": "fc88233eb71cf46f084633da034b74cc0bcc0756"
  },
  "C:/VSCode/react-task/src/components/Card/Card.tsx": {
    "path": "C:/VSCode/react-task/src/components/Card/Card.tsx",
    "statementMap": {
      "0": {
        "start": {
          "line": 3,
          "column": 0
        },
        "end": {
          "line": 3,
          "column": 104
        }
      },
      "1": {
        "start": {
          "line": 3,
          "column": 26
        },
        "end": {
          "line": 3,
          "column": 104
        }
      },
      "2": {
        "start": {
          "line": 4,
          "column": 23
        },
        "end": {
          "line": 4,
          "column": 42
        }
      },
      "3": {
        "start": {
          "line": 5,
          "column": 23
        },
        "end": {
          "line": 5,
          "column": 42
        }
      },
      "4": {
        "start": {
          "line": 6,
          "column": 0
        },
        "end": {
          "line": 6,
          "column": 104
        }
      },
      "5": {
        "start": {
          "line": 7,
          "column": 0
        },
        "end": {
          "line": 7,
          "column": 73
        }
      },
      "6": {
        "start": {
          "line": 12,
          "column": 34
        },
        "end": {
          "line": 88,
          "column": 2
        }
      },
      "7": {
        "start": {
          "line": 13,
          "column": 72
        },
        "end": {
          "line": 13,
          "column": 76
        }
      },
      "8": {
        "start": {
          "line": 14,
          "column": 4
        },
        "end": {
          "line": 87,
          "column": 13
        }
      },
      "9": {
        "start": {
          "line": 16,
          "column": 21
        },
        "end": {
          "line": 16,
          "column": 40
        }
      },
      "10": {
        "start": {
          "line": 89,
          "column": 0
        },
        "end": {
          "line": 89,
          "column": 11
        }
      },
      "11": {
        "start": {
          "line": 91,
          "column": 0
        },
        "end": {
          "line": 91,
          "column": 30
        }
      },
      "12": {
        "start": {
          "line": 92,
          "column": 0
        },
        "end": {
          "line": 92,
          "column": 26
        }
      },
      "13": {
        "start": {
          "line": 95,
          "column": 0
        },
        "end": {
          "line": 95,
          "column": 37
        }
      },
      "14": {
        "start": {
          "line": 96,
          "column": 0
        },
        "end": {
          "line": 96,
          "column": 37
        }
      },
      "15": {
        "start": {
          "line": 97,
          "column": 0
        },
        "end": {
          "line": 104,
          "column": 3
        }
      },
      "16": {
        "start": {
          "line": 98,
          "column": 2
        },
        "end": {
          "line": 98,
          "column": 117
        }
      },
      "17": {
        "start": {
          "line": 99,
          "column": 2
        },
        "end": {
          "line": 103,
          "column": 5
        }
      },
      "18": {
        "start": {
          "line": 100,
          "column": 4
        },
        "end": {
          "line": 100,
          "column": 29
        }
      },
      "19": {
        "start": {
          "line": 100,
          "column": 22
        },
        "end": {
          "line": 100,
          "column": 29
        }
      },
      "20": {
        "start": {
          "line": 101,
          "column": 30
        },
        "end": {
          "line": 101,
          "column": 113
        }
      },
      "21": {
        "start": {
          "line": 102,
          "column": 4
        },
        "end": {
          "line": 102,
          "column": 73
        }
      },
      "22": {
        "start": {
          "line": 102,
          "column": 27
        },
        "end": {
          "line": 102,
          "column": 73
        }
      }
    },
    "fnMap": {
      "0": {
        "name": "(anonymous_0)",
        "decl": {
          "start": {
            "line": 12,
            "column": 44
          },
          "end": {
            "line": 12,
            "column": 45
          }
        },
        "loc": {
          "start": {
            "line": 12,
            "column": 73
          },
          "end": {
            "line": 88,
            "column": 1
          }
        },
        "line": 12
      },
      "1": {
        "name": "(anonymous_1)",
        "decl": {
          "start": {
            "line": 16,
            "column": 17
          },
          "end": {
            "line": 16,
            "column": 18
          }
        },
        "loc": {
          "start": {
            "line": 16,
            "column": 21
          },
          "end": {
            "line": 16,
            "column": 40
          }
        },
        "line": 16
      },
      "2": {
        "name": "(anonymous_2)",
        "decl": {
          "start": {
            "line": 97,
            "column": 50
          },
          "end": {
            "line": 97,
            "column": 51
          }
        },
        "loc": {
          "start": {
            "line": 97,
            "column": 70
          },
          "end": {
            "line": 104,
            "column": 1
          }
        },
        "line": 97
      },
      "3": {
        "name": "(anonymous_3)",
        "decl": {
          "start": {
            "line": 99,
            "column": 25
          },
          "end": {
            "line": 99,
            "column": 26
          }
        },
        "loc": {
          "start": {
            "line": 99,
            "column": 42
          },
          "end": {
            "line": 103,
            "column": 3
          }
        },
        "line": 99
      }
    },
    "branchMap": {
      "0": {
        "loc": {
          "start": {
            "line": 3,
            "column": 0
          },
          "end": {
            "line": 3,
            "column": 104
          }
        },
        "type": "if",
        "locations": [
          {
            "start": {
              "line": 3,
              "column": 0
            },
            "end": {
              "line": 3,
              "column": 104
            }
          },
          {
            "start": {},
            "end": {}
          }
        ],
        "line": 3
      },
      "1": {
        "loc": {
          "start": {
            "line": 36,
            "column": 26
          },
          "end": {
            "line": 42,
            "column": 24
          }
        },
        "type": "cond-expr",
        "locations": [
          {
            "start": {
              "line": 36,
              "column": 34
            },
            "end": {
              "line": 36,
              "column": 39
            }
          },
          {
            "start": {
              "line": 36,
              "column": 56
            },
            "end": {
              "line": 42,
              "column": 24
            }
          }
        ],
        "line": 36
      },
      "2": {
        "loc": {
          "start": {
            "line": 100,
            "column": 4
          },
          "end": {
            "line": 100,
            "column": 29
          }
        },
        "type": "if",
        "locations": [
          {
            "start": {
              "line": 100,
              "column": 4
            },
            "end": {
              "line": 100,
              "column": 29
            }
          },
          {
            "start": {},
            "end": {}
          }
        ],
        "line": 100
      },
      "3": {
        "loc": {
          "start": {
            "line": 102,
            "column": 4
          },
          "end": {
            "line": 102,
            "column": 73
          }
        },
        "type": "if",
        "locations": [
          {
            "start": {
              "line": 102,
              "column": 4
            },
            "end": {
              "line": 102,
              "column": 73
            }
          },
          {
            "start": {},
            "end": {}
          }
        ],
        "line": 102
      }
    },
    "s": {
      "0": 6,
      "1": 0,
      "2": 6,
      "3": 6,
      "4": 6,
      "5": 6,
      "6": 6,
      "7": 150,
      "8": 150,
      "9": 1,
      "10": 6,
      "11": 6,
      "12": 6,
      "13": 6,
      "14": 6,
      "15": 6,
      "16": 6,
      "17": 6,
      "18": 0,
      "19": 0,
      "20": 0,
      "21": 0,
      "22": 0
    },
    "f": {
      "0": 150,
      "1": 1,
      "2": 6,
      "3": 0
    },
    "b": {
      "0": [
        0,
        6
      ],
      "1": [
        145,
        5
      ],
      "2": [
        0,
        0
      ],
      "3": [
        0,
        0
      ]
    },
    "inputSourceMap": {
      "version": 3,
      "sources": [
        "C:/VSCode/react-task/src/components/Card/Card.tsx"
      ],
      "names": [
        "React",
        "memo",
        "styles",
        "Card",
        "card",
        "setActiveCard",
        "title",
        "height_m",
        "height",
        "width_m",
        "width",
        "url_m",
        "url",
        "article",
        "className",
        "wrapper",
        "onClick",
        "section",
        "imgWrapper",
        "img",
        "src",
        "alt",
        "h3",
        "name",
        "i",
        "mainInfo",
        "p",
        "year",
        "span",
        "strong"
      ],
      "mappings": ";;;;;;;;;AAAA,OAAOA,SAASC,IAAI,QAAQ,QAAQ;AAGpC,OAAOC,YAAY,oBAAoB;AAEvC,OAAO,MAAMC,qBAAOF,UAAK,CAAC,EAAEG,KAAI,EAAEC,cAAa,EAAc,GAAK;IAChE,MAAM,EAAEC,MAAK,EAAEC,UAAUC,OAAM,EAAEC,SAASC,MAAK,EAAEC,OAAOC,IAAG,EAAE,GAAGR;IAEhE,qBACE,QAACS;QAAQC,WAAWZ,OAAOa,OAAO;QAAEC,SAAS,IAAMX,cAAcD;;0BAC/D,QAACa;gBAAQH,WAAWZ,OAAOgB,UAAU;0BACnC,cAAA,QAACC;oBAAIL,WAAWZ,OAAOiB,GAAG;oBAAEC,KAAKR;oBAAKS,KAAKf;;;;;;;;;;;0BAE7C,QAACgB;gBAAGR,WAAWZ,OAAOqB,IAAI;0BAAGjB,QAAQA,sBAAQ,QAACkB;8BAAE;;;;;wBAAY;;;;;;0BAC5D,QAACP;gBAAQH,WAAWZ,OAAOuB,QAAQ;0BACjC,cAAA,QAACC;oBAAEZ,WAAWZ,OAAOyB,IAAI;;sCACvB,QAACC;sCAAK;;;;;;sCACN,QAACC;;gCACErB;gCAAO;gCAAIE;;;;;;;;;;;;;;;;;;;;;;;;AAMxB,GAAG"
    },
    "_coverageSchema": "1a1c01bbd47fc00a2c39e90264f33305004495a9",
    "hash": "f33c5c31143a062b736c9e1896758669a081bcb5"
  },
  "C:/VSCode/react-task/src/configAPI.ts": {
    "path": "C:/VSCode/react-task/src/configAPI.ts",
    "statementMap": {
      "0": {
        "start": {
          "line": 1,
          "column": 23
        },
        "end": {
          "line": 1,
          "column": 62
        }
      },
      "1": {
        "start": {
          "line": 2,
          "column": 23
        },
        "end": {
          "line": 2,
          "column": 57
        }
      },
      "2": {
        "start": {
          "line": 3,
          "column": 30
        },
        "end": {
          "line": 3,
          "column": 32
        }
      }
    },
    "fnMap": {},
    "branchMap": {},
    "s": {
      "0": 6,
      "1": 6,
      "2": 6
    },
    "f": {},
    "b": {},
    "inputSourceMap": {
      "version": 3,
      "sources": [
        "C:/VSCode/react-task/src/configAPI.ts"
      ],
      "names": [
        "API_URL",
        "API_KEY",
        "ITEMS_PER_PAGE"
      ],
      "mappings": "AAAA,OAAO,MAAMA,UAAU,wCAAwC;AAE/D,OAAO,MAAMC,UAAU,mCAAmC;AAE1D,OAAO,MAAMC,iBAAiB,GAAG"
    },
    "_coverageSchema": "1a1c01bbd47fc00a2c39e90264f33305004495a9",
    "hash": "9b33ceab42b18395242b757ea5d16cc3743de358"
  },
  "C:/VSCode/react-task/src/redux/query/cardsQuery.ts": {
    "path": "C:/VSCode/react-task/src/redux/query/cardsQuery.ts",
    "statementMap": {
      "0": {
        "start": {
          "line": 3,
          "column": 24
        },
        "end": {
          "line": 13,
          "column": 2
        }
      },
      "1": {
        "start": {
          "line": 8,
          "column": 27
        },
        "end": {
          "line": 12,
          "column": 9
        }
      },
      "2": {
        "start": {
          "line": 10,
          "column": 33
        },
        "end": {
          "line": 10,
          "column": 183
        }
      },
      "3": {
        "start": {
          "line": 14,
          "column": 39
        },
        "end": {
          "line": 14,
          "column": 47
        }
      }
    },
    "fnMap": {
      "0": {
[...]
          "column": 23
        },
        "end": {
          "line": 5,
          "column": 42
        }
      },
      "4": {
        "start": {
          "line": 6,
          "column": 0
        },
        "end": {
          "line": 6,
          "column": 101
        }
      },
      "5": {
        "start": {
          "line": 7,
          "column": 0
        },
        "end": {
          "line": 7,
          "column": 73
        }
      },
      "6": {
        "start": {
          "line": 14,
          "column": 21
        },
        "end": {
          "line": 32,
          "column": 12
        }
      },
      "7": {
        "start": {
          "line": 14,
          "column": 39
        },
        "end": {
          "line": 32,
          "column": 12
        }
      },
      "8": {
        "start": {
          "line": 33,
          "column": 0
        },
        "end": {
          "line": 33,
          "column": 11
        }
      },
      "9": {
        "start": {
          "line": 35,
          "column": 0
        },
        "end": {
          "line": 35,
          "column": 26
        }
      },
      "10": {
        "start": {
          "line": 38,
          "column": 0
        },
        "end": {
          "line": 38,
          "column": 37
        }
      },
      "11": {
        "start": {
          "line": 39,
          "column": 0
        },
        "end": {
          "line": 39,
          "column": 37
        }
      },
      "12": {
        "start": {
          "line": 40,
          "column": 0
        },
        "end": {
          "line": 47,
          "column": 3
        }
      },
      "13": {
        "start": {
          "line": 41,
          "column": 2
        },
        "end": {
          "line": 41,
          "column": 114
        }
      },
      "14": {
        "start": {
          "line": 42,
          "column": 2
        },
        "end": {
          "line": 46,
          "column": 5
        }
      },
      "15": {
        "start": {
          "line": 43,
          "column": 4
        },
        "end": {
          "line": 43,
          "column": 29
        }
      },
      "16": {
        "start": {
          "line": 43,
          "column": 22
        },
        "end": {
          "line": 43,
          "column": 29
        }
      },
      "17": {
        "start": {
          "line": 44,
          "column": 30
        },
        "end": {
          "line": 44,
          "column": 113
        }
      },
      "18": {
        "start": {
          "line": 45,
          "column": 4
        },
        "end": {
          "line": 45,
          "column": 73
        }
      },
      "19": {
        "start": {
          "line": 45,
          "column": 27
        },
        "end": {
          "line": 45,
          "column": 73
        }
      }
    },
    "fnMap": {
      "0": {
        "name": "(anonymous_0)",
        "decl": {
          "start": {
            "line": 14,
            "column": 21
          },
          "end": {
            "line": 14,
            "column": 22
          }
        },
        "loc": {
          "start": {
            "line": 14,
            "column": 39
          },
          "end": {
            "line": 32,
            "column": 12
          }
        },
        "line": 14
      },
      "1": {
        "name": "(anonymous_1)",
        "decl": {
          "start": {
            "line": 40,
            "column": 50
          },
          "end": {
            "line": 40,
            "column": 51
          }
        },
        "loc": {
          "start": {
            "line": 40,
            "column": 70
          },
          "end": {
            "line": 47,
            "column": 1
          }
        },
        "line": 40
      },
      "2": {
        "name": "(anonymous_2)",
        "decl": {
          "start": {
            "line": 42,
            "column": 25
          },
          "end": {
            "line": 42,
            "column": 26
          }
        },
        "loc": {
          "start": {
            "line": 42,
            "column": 42
          },
          "end": {
            "line": 46,
            "column": 3
          }
        },
        "line": 42
      }
    },
    "branchMap": {
      "0": {
        "loc": {
          "start": {
            "line": 3,
            "column": 0
          },
          "end": {
            "line": 3,
            "column": 104
          }
        },
        "type": "if",
        "locations": [
          {
            "start": {
              "line": 3,
              "column": 0
            },
            "end": {
              "line": 3,
              "column": 104
            }
          },
          {
            "start": {},
            "end": {}
          }
        ],
        "line": 3
      },
      "1": {
        "loc": {
          "start": {
            "line": 43,
            "column": 4
          },
          "end": {
            "line": 43,
            "column": 29
          }
        },
        "type": "if",
        "locations": [
          {
            "start": {
              "line": 43,
              "column": 4
            },
            "end": {
              "line": 43,
              "column": 29
            }
          },
          {
            "start": {},
            "end": {}
          }
        ],
        "line": 43
      },
      "2": {
        "loc": {
          "start": {
            "line": 45,
            "column": 4
          },
          "end": {
            "line": 45,
            "column": 73
          }
        },
        "type": "if",
        "locations": [
          {
            "start": {
              "line": 45,
              "column": 4
            },
            "end": {
              "line": 45,
              "column": 73
            }
          },
          {
            "start": {},
            "end": {}
          }
        ],
        "line": 45
      }
    },
    "s": {
      "0": 6,
      "1": 0,
      "2": 6,
      "3": 6,
      "4": 6,
      "5": 6,
      "6": 6,
      "7": 1,
      "8": 6,
      "9": 6,
      "10": 6,
      "11": 6,
      "12": 6,
      "13": 4,
      "14": 4,
      "15": 0,
      "16": 0,
      "17": 0,
      "18": 0,
      "19": 0
    },
    "f": {
      "0": 1,
      "1": 4,
      "2": 0
    },
    "b": {
      "0": [
        0,
        6
      ],
      "1": [
        0,
        0
      ],
      "2": [
        0,
        0
      ]
    },
    "inputSourceMap": {
      "version": 3,
      "sources": [
        "C:/VSCode/react-task/src/pages/Forms/Forms.tsx"
      ],
      "names": [
        "React",
        "Form",
        "Users",
        "styles",
        "Forms",
        "div",
        "className",
        "forms"
      ],
      "mappings": ";;;;;;;;;AAAA,OAAOA,WAAW,QAAQ;AAE1B,SAASC,IAAI,QAAQ,6BAA6B;AAClD,SAASC,KAAK,QAAQ,+BAA+B;AAErD,OAAOC,YAAY,qBAAqB;AAExC,OAAO,MAAMC,QAAQ,kBACnB,QAACC;QAAIC,WAAWH,OAAOI,KAAK;;0BAC1B,QAACN;;;;;0BACD,QAACC;;;;;;;;;;aAEH;KALWE"
    },
    "_coverageSchema": "1a1c01bbd47fc00a2c39e90264f33305004495a9",
    "hash": "c825adf0640e14aabf3ef936b9594c1c7c8d9650"
  },
  "C:/VSCode/react-task/src/components/App/App.tsx": {
    "path": "C:/VSCode/react-task/src/components/App/App.tsx",
    "statementMap": {
      "0": {
        "start": {
          "line": 3,
          "column": 0
        },
        "end": {
          "line": 3,
          "column": 104
        }
      },
      "1": {
        "start": {
          "line": 3,
          "column": 26
        },
        "end": {
          "line": 3,
          "column": 104
        }
      },
      "2": {
        "start": {
          "line": 4,
          "column": 23
        },
        "end": {
          "line": 4,
          "column": 42
        }
      },
      "3": {
        "start": {
          "line": 5,
          "column": 23
        },
        "end": {
          "line": 5,
          "column": 42
        }
      },
      "4": {
        "start": {
          "line": 6,
          "column": 0
        },
        "end": {
          "line": 6,
          "column": 102
        }
      },
      "5": {
        "start": {
          "line": 7,
          "column": 0
        },
        "end": {
          "line": 7,
          "column": 73
        }
      },
      "6": {
        "start": {
          "line": 18,
          "column": 19
        },
        "end": {
          "line": 71,
          "column": 20
        }
      },
      "7": {
        "start": {
          "line": 18,
          "column": 37
        },
        "end": {
          "line": 71,
          "column": 20
        }
      },
      "8": {
        "start": {
          "line": 72,
          "column": 0
        },
        "end": {
          "line": 72,
          "column": 9
        }
      },
      "9": {
        "start": {
          "line": 74,
          "column": 0
        },
        "end": {
          "line": 74,
          "column": 24
        }
      },
      "10": {
        "start": {
          "line": 77,
          "column": 0
        },
        "end": {
          "line": 77,
          "column": 37
        }
      },
      "11": {
        "start": {
          "line": 78,
          "column": 0
        },
        "end": {
          "line": 78,
          "column": 37
        }
      },
      "12": {
        "start": {
          "line": 79,
          "column": 0
        },
        "end": {
          "line": 86,
          "column": 3
        }
      },
      "13": {
        "start": {
          "line": 80,
          "column": 2
        },
        "end": {
          "line": 80,
          "column": 115
        }
      },
      "14": {
        "start": {
          "line": 81,
          "column": 2
        },
        "end": {
          "line": 85,
          "column": 5
        }
      },
      "15": {
        "start": {
          "line": 82,
          "column": 4
        },
        "end": {
          "line": 82,
          "column": 29
        }
      },
      "16": {
        "start": {
          "line": 82,
          "column": 22
        },
        "end": {
          "line": 82,
          "column": 29
        }
      },
      "17": {
        "start": {
          "line": 83,
          "column": 30
        },
        "end": {
          "line": 83,
          "column": 113
        }
      },
      "18": {
        "start": {
          "line": 84,
          "column": 4
        },
        "end": {
          "line": 84,
          "column": 73
        }
      },
      "19": {
        "start": {
          "line": 84,
          "column": 27
        },
        "end": {
          "line": 84,
          "column": 73
        }
      }
    },
    "fnMap": {
      "0": {
        "name": "(anonymous_0)",
        "decl": {
          "start": {
            "line": 18,
            "column": 19
          },
          "end": {
            "line": 18,
            "column": 20
          }
        },
        "loc": {
          "start": {
            "line": 18,
            "column": 37
          },
          "end": {
            "line": 71,
            "column": 20
          }
        },
        "line": 18
      },
      "1": {
        "name": "(anonymous_1)",
        "decl": {
          "start": {
            "line": 79,
            "column": 50
          },
          "end": {
            "line": 79,
            "column": 51
          }
        },
        "loc": {
          "start": {
            "line": 79,
            "column": 70
          },
          "end": {
            "line": 86,
            "column": 1
          }
        },
        "line": 79
      },
      "2": {
        "name": "(anonymous_2)",
        "decl": {
          "start": {
            "line": 81,
            "column": 25
          },
          "end": {
            "line": 81,
            "column": 26
          }
        },
        "loc": {
          "start": {
            "line": 81,
            "column": 42
          },
          "end": {
            "line": 85,
            "column": 3
          }
        },
        "line": 81
      }
    },
    "branchMap": {
      "0": {
        "loc": {
          "start": {
            "line": 3,
            "column": 0
          },
          "end": {
            "line": 3,
            "column": 104
          }
        },
        "type": "if",
        "locations": [
          {
            "start": {
              "line": 3,
              "column": 0
            },
            "end": {
              "line": 3,
              "column": 104
            }
          },
          {
            "start": {},
            "end": {}
          }
        ],
        "line": 3
      },
      "1": {
        "loc": {
          "start": {
            "line": 82,
            "column": 4
          },
          "end": {
            "line": 82,
            "column": 29
          }
        },
        "type": "if",
        "locations": [
          {
            "start": {
              "line": 82,
              "column": 4
            },
            "end": {
              "line": 82,
              "column": 29
            }
          },
          {
            "start": {},
            "end": {}
          }
        ],
        "line": 82
      },
      "2": {
        "loc": {
          "start": {
            "line": 84,
            "column": 4
          },
          "end": {
            "line": 84,
            "column": 73
          }
        },
        "type": "if",
        "locations": [
          {
            "start": {
              "line": 84,
              "column": 4
            },
            "end": {
              "line": 84,
              "column": 73
            }
          },
          {
            "start": {},
            "end": {}
          }
        ],
        "line": 84
      }
    },
    "s": {
      "0": 6,
      "1": 0,
      "2": 6,
      "3": 6,
      "4": 6,
      "5": 6,
      "6": 6,
      "7": 6,
      "8": 6,
      "9": 6,
      "10": 6,
      "11": 6,
      "12": 6,
      "13": 4,
      "14": 4,
      "15": 0,
      "16": 0,
      "17": 0,
      "18": 0,
      "19": 0
    },
    "f": {
      "0": 6,
      "1": 4,
      "2": 0
    },
    "b": {
      "0": [
        0,
        6
      ],
      "1": [
        0,
        0
      ],
      "2": [
        0,
        0
      ]
    },
    "inputSourceMap": {
      "version": 3,
      "sources": [
        "C:/VSCode/react-task/src/components/App/App.tsx"
      ],
      "names": [
        "React",
        "Route",
        "Routes",
        "Header",
        "Footer",
        "About",
        "NotFound",
        "Main",
        "Forms",
        "App",
        "path",
        "element"
      ],
      "mappings": ";;;;;;;;;AAAA,OAAOA,WAAW,QAAQ;AAC1B,SAASC,KAAK,EAAEC,MAAM,QAAQ,eAAe;AAE7C,SAASC,MAAM,QAAQ,mBAAmB;AAC1C,SAASC,MAAM,QAAQ,mBAAmB;AAC1C,SAASC,KAAK,QAAQ,0BAA0B;AAChD,SAASC,QAAQ,QAAQ,gCAAgC;AACzD,SAASC,IAAI,QAAQ,wBAAwB;AAC7C,SAASC,KAAK,QAAQ,0BAA0B;AAEhD,OAAO,MAAMC,MAAM,kBACjB;;0BACE,QAACN;;;;;0BACD,QAACD;;kCACC,QAACD;wBAAMS,MAAK;wBAAIC,uBAAS,QAACJ;;;;;;kCAC1B,QAACN;wBAAMS,MAAK;wBAASC,uBAAS,QAACH;;;;;;kCAC/B,QAACP;wBAAMS,MAAK;wBAASC,uBAAS,QAACN;;;;;;kCAC/B,QAACJ;wBAAMS,MAAK;wBAAIC,uBAAS,QAACL;;;;;;;;;;;;0BAE5B,QAACF;;;;;;qBAEH;KAXWK"
    },
    "_coverageSchema": "1a1c01bbd47fc00a2c39e90264f33305004495a9",
    "hash": "fca1c8b81f8f75a870cb653d18caf26cee9b3a84"
  },
  "C:/VSCode/react-task/src/redux/store.ts": {
    "path": "C:/VSCode/react-task/src/redux/store.ts",
    "statementMap": {
      "0": {
        "start": {
          "line": 5,
          "column": 16
        },
        "end": {
          "line": 9,
          "column": 2
        }
      },
      "1": {
        "start": {
          "line": 10,
          "column": 25
        },
        "end": {
          "line": 14,
          "column": 6
        }
      },
      "2": {
        "start": {
          "line": 10,
          "column": 43
        },
        "end": {
          "line": 14,
          "column": 6
        }
      },
      "3": {
        "start": {
          "line": 13,
          "column": 44
        },
        "end": {
          "line": 13,
          "column": 94
        }
      },
      "4": {
        "start": {
          "line": 15,
          "column": 21
        },
        "end": {
          "line": 15,
          "column": 32
        }
      }
    },
    "fnMap": {
      "0": {
        "name": "(anonymous_0)",
        "decl": {
          "start": {
            "line": 10,
            "column": 25
          },
          "end": {
            "line": 10,
            "column": 26
          }
        },
        "loc": {
          "start": {
            "line": 10,
            "column": 43
          },
          "end": {
            "line": 14,
            "column": 6
          }
        },
        "line": 10
      },
      "1": {
        "name": "(anonymous_1)",
        "decl": {
          "start": {
            "line": 13,
            "column": 20
          },
          "end": {
            "line": 13,
            "column": 21
          }
        },
        "loc": {
          "start": {
            "line": 13,
            "column": 44
          },
          "end": {
            "line": 13,
            "column": 94
          }
        },
        "line": 13
      }
    },
    "branchMap": {},
    "s": {
      "0": 6,
      "1": 6,
      "2": 12,
      "3": 12,
      "4": 6
    },
    "f": {
      "0": 12,
      "1": 12
    },
    "b": {},
    "inputSourceMap": {
      "version": 3,
      "sources": [
        "C:/VSCode/react-task/src/redux/store.ts"
      ],
      "names": [
        "combineReducers",
        "configureStore",
        "cardsApi",
        "searchReducer",
        "usersReducer",
        "reducer",
        "reducerPath",
        "search",
        "users",
        "initStore",
        "preloadedState",
        "middleware",
        "getDefaultMiddleware",
        "concat",
        "store"
      ],
      "mappings": "AAAA,SAASA,eAAe,EAAEC,cAAc,QAAwB,mBAAmB;AAEnF,SAASC,QAAQ,QAAQ,qBAAqB;AAC9C,SAASC,aAAa,QAAQ,sBAAsB;AACpD,SAASC,YAAY,QAAQ,qBAAqB;AAElD,MAAMC,UAAUL,gBAAgB;IAC9B,CAACE,SAASI,WAAW,CAAC,EAAEJ,SAASG,OAAO;IACxCE,QAAQJ;IACRK,OAAOJ;AACT;AAIA,OAAO,MAAMK,YAAY,CAACC,iBACxBT,eAAe;QACbS;QACAL;QACAM,YAAY,CAACC,uBAAyBA,uBAAuBC,MAAM,CAACX,SAASS,UAAU;IACzF,GAAG;AAEL,OAAO,MAAMG,QAAQL,YAAY"
    },
    "_coverageSchema": "1a1c01bbd47fc00a2c39e90264f33305004495a9",
    "hash": "5b1f956c2f5a27f2c40a14765e933b47de0841cd"
  },
  "C:/VSCode/react-task/src/entry-client.tsx": {
    "path": "C:/VSCode/react-task/src/entry-client.tsx",
    "statementMap": {
      "0": {
        "start": {
          "line": 9,
          "column": 14
        },
        "end": {
          "line": 9,
          "column": 51
        }
      },
      "1": {
        "start": {
          "line": 10,
          "column": 0
        },
        "end": {
          "line": 10,
          "column": 34
        }
      },
      "2": {
        "start": {
          "line": 11,
          "column": 0
        },
        "end": {
          "line": 28,
          "column": 10
        }
      }
    },
    "fnMap": {},
    "branchMap": {},
    "s": {
      "0": 6,
      "1": 6,
      "2": 6
    },
    "f": {},
    "b": {},
    "inputSourceMap": {
      "version": 3,
      "sources": [
        "C:/VSCode/react-task/src/entry-client.tsx"
      ],
      "names": [
        "React",
        "hydrateRoot",
        "Provider",
        "BrowserRouter",
        "App",
        "initStore",
        "store",
        "window",
        "__PRELOADED_STATE__",
        "document",
        "getElementById"
      ],
      "mappings": ";AAAA,OAAOA,WAAW,QAAQ;AAC1B,SAASC,WAAW,QAAQ,mBAAmB;AAC/C,SAASC,QAAQ,QAAQ,cAAc;AACvC,SAASC,aAAa,QAAQ,mBAAmB;AAEjD,SAASC,GAAG,QAAQ,uBAAuB;AAC3C,SAAsBC,SAAS,QAAQ,gBAAgB;AAEvD,OAAO,cAAc;AAOrB,MAAMC,QAAQD,UAAU,AAACE,OAA0BC,mBAAmB;AAEtE,OAAO,AAACD,OAA0BC,mBAAmB;AAErDP,YACEQ,SAASC,cAAc,CAAC,uBACxB,QAACR;IAASI,OAAOA;cACf,cAAA,QAACH;kBACC,cAAA,QAACC"
    },
    "_coverageSchema": "1a1c01bbd47fc00a2c39e90264f33305004495a9",
    "hash": "eb665f55934c2c54604b36798a8cddc15a0ffa2d"
  }
}