{"C:/VSCode/react-task/src/configAPI.ts": {"path":"C:/VSCode/react-task/src/configAPI.ts","statementMap":{"0":{"start":{"line":1,"column":23},"end":{"line":1,"column":63}},"1":{"start":{"line":3,"column":23},"end":{"line":3,"column":58}},"2":{"start":{"line":5,"column":30},"end":{"line":5,"column":33}}},"fnMap":{},"branchMap":{},"s":{"0":6,"1":6,"2":6},"f":{},"b":{}}
,"C:/VSCode/react-task/src/entry-client.tsx": {"path":"C:/VSCode/react-task/src/entry-client.tsx","statementMap":{"0":{"start":{"line":16,"column":14},"end":{"line":16,"column":null}},"1":{"start":{"line":18,"column":0},"end":{"line":18,"column":null}}},"fnMap":{},"branchMap":{},"s":{"0":6,"1":6},"f":{},"b":{}}
,"C:/VSCode/react-task/src/components/App/App.tsx": {"path":"C:/VSCode/react-task/src/components/App/App.tsx","statementMap":{"0":{"start":{"line":11,"column":19},"end":{"line":22,"column":null}},"1":{"start":{"line":12,"column":2},"end":{"line":22,"column":null}},"2":{"start":{"line":11,"column":13},"end":{"line":11,"column":19}}},"fnMap":{"0":{"name":"(anonymous_0)","decl":{"start":{"line":11,"column":19},"end":{"line":11,"column":null}},"loc":{"start":{"line":12,"column":2},"end":{"line":22,"column":null}}}},"branchMap":{},"s":{"0":6,"1":6,"2":6},"f":{"0":6},"b":{}}
,"C:/VSCode/react-task/src/components/Card/Card.tsx": {"path":"C:/VSCode/react-task/src/components/Card/Card.tsx","statementMap":{"0":{"start":{"line":6,"column":20},"end":{"line":25,"column":3}},"1":{"start":{"line":7,"column":66},"end":{"line":7,"column":null}},"2":{"start":{"line":10,"column":55},"end":{"line":10,"column":null}}},"fnMap":{"0":{"name":"(anonymous_0)","decl":{"start":{"line":6,"column":25},"end":{"line":6,"column":26}},"loc":{"start":{"line":6,"column":66},"end":{"line":25,"column":3}}},"1":{"name":"(anonymous_1)","decl":{"start":{"line":10,"column":49},"end":{"line":10,"column":55}},"loc":{"start":{"line":10,"column":55},"end":{"line":10,"column":null}}}},"branchMap":{"0":{"loc":{"start":{"line":14,"column":35},"end":{"line":14,"column":null}},"type":"cond-expr","locations":[{"start":{"line":14,"column":43},"end":{"line":14,"column":51}},{"start":{"line":14,"column":51},"end":{"line":14,"column":null}}]}},"s":{"0":6,"1":150,"2":1},"f":{"0":150,"1":1},"b":{"0":[145,5]}}
,"C:/VSCode/react-task/src/components/Cards/Cards.tsx": {"path":"C:/VSCode/react-task/src/components/Cards/Cards.tsx","statementMap":{"0":{"start":{"line":9,"column":21},"end":{"line":33,"column":null}},"1":{"start":{"line":10,"column":41},"end":{"line":10,"column":null}},"2":{"start":{"line":29,"column":28},"end":{"line":30,"column":null}}},"fnMap":{"0":{"name":"(anonymous_0)","decl":{"start":{"line":9,"column":26},"end":{"line":9,"column":27}},"loc":{"start":{"line":9,"column":62},"end":{"line":33,"column":3}}},"1":{"name":"(anonymous_1)","decl":{"start":{"line":29,"column":18},"end":{"line":29,"column":19}},"loc":{"start":{"line":29,"column":28},"end":{"line":30,"column":null}}}},"branchMap":{"0":{"loc":{"start":{"line":14,"column":7},"end":{"line":30,"column":null}},"type":"cond-expr","locations":[{"start":{"line":15,"column":8},"end":{"line":26,"column":16}},{"start":{"line":26,"column":10},"end":{"line":30,"column":null}}]},"1":{"loc":{"start":{"line":26,"column":10},"end":{"line":30,"column":null}},"type":"cond-expr","locations":[{"start":{"line":27,"column":8},"end":{"line":29,"column":14}},{"start":{"line":29,"column":8},"end":{"line":30,"column":null}}]},"2":{"loc":{"start":{"line":27,"column":40},"end":{"line":27,"column":78}},"type":"cond-expr","locations":[{"start":{"line":27,"column":50},"end":{"line":27,"column":60}},{"start":{"line":27,"column":60},"end":{"line":27,"column":78}}]}},"s":{"0":6,"1":11,"2":150},"f":{"0":11,"1":150},"b":{"0":[0,11],"1":[6,5],"2":[0,6]}}
,"C:/VSCode/react-task/src/components/Footer/Footer.tsx": {"path":"C:/VSCode/react-task/src/components/Footer/Footer.tsx","statementMap":{"0":{"start":{"line":5,"column":22},"end":{"line":15,"column":null}},"1":{"start":{"line":6,"column":2},"end":{"line":15,"column":null}},"2":{"start":{"line":5,"column":13},"end":{"line":5,"column":22}}},"fnMap":{"0":{"name":"(anonymous_0)","decl":{"start":{"line":5,"column":22},"end":{"line":5,"column":null}},"loc":{"start":{"line":6,"column":2},"end":{"line":15,"column":null}}}},"branchMap":{},"s":{"0":6,"1":6,"2":6},"f":{"0":6},"b":{}}
,"C:/VSCode/react-task/src/components/Form/Form.tsx": {"path":"C:/VSCode/react-task/src/components/Form/Form.tsx","statementMap":{"0":{"start":{"line":12,"column":20},"end":{"line":112,"column":2}},"1":{"start":{"line":13,"column":30},"end":{"line":13,"column":null}},"2":{"start":{"line":14,"column":19},"end":{"line":14,"column":null}},"3":{"start":{"line":21,"column":6},"end":{"line":26,"column":null}},"4":{"start":{"line":28,"column":19},"end":{"line":39,"column":null}},"5":{"start":{"line":29,"column":4},"end":{"line":38,"column":5}},"6":{"start":{"line":30,"column":6},"end":{"line":30,"column":null}},"7":{"start":{"line":31,"column":6},"end":{"line":36,"column":null}},"8":{"start":{"line":41,"column":2},"end":{"line":43,"column":null}},"9":{"start":{"line":42,"column":4},"end":{"line":42,"column":null}},"10":{"start":{"line":42,"column":28},"end":{"line":42,"column":null}},"11":{"start":{"line":106,"column":53},"end":{"line":106,"column":null}},"12":{"start":{"line":12,"column":13},"end":{"line":12,"column":20}}},"fnMap":{"0":{"name":"(anonymous_0)","decl":{"start":{"line":12,"column":20},"end":{"line":12,"column":26}},"loc":{"start":{"line":12,"column":26},"end":{"line":112,"column":2}}},"1":{"name":"(anonymous_1)","decl":{"start":{"line":28,"column":32},"end":{"line":28,"column":33}},"loc":{"start":{"line":28,"column":42},"end":{"line":39,"column":null}}},"2":{"name":"(anonymous_2)","decl":{"start":{"line":41,"column":12},"end":{"line":41,"column":18}},"loc":{"start":{"line":41,"column":18},"end":{"line":43,"column":5}}},"3":{"name":"(anonymous_3)","decl":{"start":{"line":106,"column":47},"end":{"line":106,"column":53}},"loc":{"start":{"line":106,"column":53},"end":{"line":106,"column":null}}}},"branchMap":{"0":{"loc":{"start":{"line":29,"column":4},"end":{"line":38,"column":5}},"type":"if","locations":[{"start":{"line":29,"column":4},"end":{"line":38,"column":5}}]},"1":{"loc":{"start":{"line":34,"column":53},"end":{"line":34,"column":null}},"type":"binary-expr","locations":[{"start":{"line":34,"column":53},"end":{"line":34,"column":66}},{"start":{"line":34,"column":70},"end":{"line":34,"column":null}}]},"2":{"loc":{"start":{"line":42,"column":4},"end":{"line":42,"column":null}},"type":"if","locations":[{"start":{"line":42,"column":4},"end":{"line":42,"column":null}}]},"3":{"loc":{"start":{"line":105,"column":7},"end":{"line":105,"column":null}},"type":"binary-expr","locations":[{"start":{"line":105,"column":7},"end":{"line":105,"column":null}}]}},"s":{"0":6,"1":3,"2":3,"3":3,"4":3,"5":1,"6":1,"7":1,"8":3,"9":3,"10":1,"11":0,"12":6},"f":{"0":3,"1":1,"2":3,"3":0},"b":{"0":[1],"1":[1,0],"2":[1],"3":[3]}}
,"C:/VSCode/react-task/src/components/Header/Header.tsx": {"path":"C:/VSCode/react-task/src/components/Header/Header.tsx","statementMap":{"0":{"start":{"line":8,"column":22},"end":{"line":33,"column":2}},"1":{"start":{"line":9,"column":23},"end":{"line":9,"column":null}},"2":{"start":{"line":10,"column":13},"end":{"line":10,"column":null}},"3":{"start":{"line":11,"column":2},"end":{"line":24,"column":null}},"4":{"start":{"line":13,"column":6},"end":{"line":13,"column":null}},"5":{"start":{"line":14,"column":6},"end":{"line":14,"column":null}},"6":{"start":{"line":16,"column":6},"end":{"line":16,"column":null}},"7":{"start":{"line":17,"column":6},"end":{"line":17,"column":null}},"8":{"start":{"line":19,"column":6},"end":{"line":19,"column":null}},"9":{"start":{"line":20,"column":6},"end":{"line":20,"column":null}},"10":{"start":{"line":22,"column":6},"end":{"line":22,"column":null}},"11":{"start":{"line":23,"column":6},"end":{"line":23,"column":null}},"12":{"start":{"line":25,"column":16},"end":{"line":25,"column":null}},"13":{"start":{"line":8,"column":13},"end":{"line":8,"column":22}}},"fnMap":{"0":{"name":"(anonymous_0)","decl":{"start":{"line":8,"column":22},"end":{"line":8,"column":28}},"loc":{"start":{"line":8,"column":28},"end":{"line":33,"column":2}}}},"branchMap":{"0":{"loc":{"start":{"line":11,"column":2},"end":{"line":24,"column":null}},"type":"switch","locations":[{"start":{"line":12,"column":4},"end":{"line":14,"column":null}},{"start":{"line":15,"column":4},"end":{"line":17,"column":null}},{"start":{"line":18,"column":4},"end":{"line":20,"column":null}},{"start":{"line":21,"column":4},"end":{"line":23,"column":null}}]}},"s":{"0":6,"1":9,"2":9,"3":9,"4":6,"5":6,"6":1,"7":1,"8":2,"9":2,"10":0,"11":0,"12":9,"13":6},"f":{"0":9},"b":{"0":[6,1,2,0]}}
,"C:/VSCode/react-task/src/components/Modal/Modal.tsx": {"path":"C:/VSCode/react-task/src/components/Modal/Modal.tsx","statementMap":{"0":{"start":{"line":7,"column":21},"end":{"line":45,"column":3}},"1":{"start":{"line":8,"column":57},"end":{"line":12,"column":null}},"2":{"start":{"line":9,"column":4},"end":{"line":11,"column":5}},"3":{"start":{"line":10,"column":6},"end":{"line":10,"column":null}},"4":{"start":{"line":14,"column":2},"end":{"line":44,"column":null}},"5":{"start":{"line":15,"column":75},"end":{"line":15,"column":null}},"6":{"start":{"line":44,"column":9},"end":{"line":44,"column":null}}},"fnMap":{"0":{"name":"(anonymous_0)","decl":{"start":{"line":7,"column":26},"end":{"line":7,"column":27}},"loc":{"start":{"line":7,"column":74},"end":{"line":45,"column":3}}},"1":{"name":"(anonymous_1)","decl":{"start":{"line":8,"column":57},"end":{"line":8,"column":58}},"loc":{"start":{"line":8,"column":68},"end":{"line":12,"column":null}}}},"branchMap":{"0":{"loc":{"start":{"line":9,"column":4},"end":{"line":11,"column":5}},"type":"if","locations":[{"start":{"line":9,"column":4},"end":{"line":11,"column":5}}]},"1":{"loc":{"start":{"line":14,"column":2},"end":{"line":44,"column":null}},"type":"if","locations":[{"start":{"line":14,"column":2},"end":{"line":44,"column":null}},{"start":{"line":44,"column":9},"end":{"line":44,"column":null}}]},"2":{"loc":{"start":{"line":26,"column":39},"end":{"line":26,"column":null}},"type":"binary-expr","locations":[{"start":{"line":26,"column":39},"end":{"line":26,"column":48}},{"start":{"line":26,"column":48},"end":{"line":26,"column":null}}]}},"s":{"0":6,"1":7,"2":0,"3":0,"4":7,"5":1,"6":6},"f":{"0":7,"1":0},"b":{"0":[0],"1":[1,6],"2":[1,0]}}
,"C:/VSCode/react-task/src/components/Nav/Nav.tsx": {"path":"C:/VSCode/react-task/src/components/Nav/Nav.tsx","statementMap":{"0":{"start":{"line":6,"column":19},"end":{"line":20,"column":null}},"1":{"start":{"line":7,"column":2},"end":{"line":20,"column":null}},"2":{"start":{"line":9,"column":45},"end":{"line":9,"column":83}},"3":{"start":{"line":12,"column":45},"end":{"line":12,"column":83}},"4":{"start":{"line":15,"column":45},"end":{"line":15,"column":83}},"5":{"start":{"line":6,"column":13},"end":{"line":6,"column":19}}},"fnMap":{"0":{"name":"(anonymous_0)","decl":{"start":{"line":6,"column":19},"end":{"line":6,"column":null}},"loc":{"start":{"line":7,"column":2},"end":{"line":20,"column":null}}},"1":{"name":"(anonymous_1)","decl":{"start":{"line":9,"column":26},"end":{"line":9,"column":27}},"loc":{"start":{"line":9,"column":45},"end":{"line":9,"column":83}}},"2":{"name":"(anonymous_2)","decl":{"start":{"line":12,"column":26},"end":{"line":12,"column":27}},"loc":{"start":{"line":12,"column":45},"end":{"line":12,"column":83}}},"3":{"name":"(anonymous_3)","decl":{"start":{"line":15,"column":26},"end":{"line":15,"column":27}},"loc":{"start":{"line":15,"column":45},"end":{"line":15,"column":83}}}},"branchMap":{"0":{"loc":{"start":{"line":9,"column":45},"end":{"line":9,"column":83}},"type":"cond-expr","locations":[{"start":{"line":9,"column":56},"end":{"line":9,"column":69}},{"start":{"line":9,"column":72},"end":{"line":9,"column":83}}]},"1":{"loc":{"start":{"line":12,"column":45},"end":{"line":12,"column":83}},"type":"cond-expr","locations":[{"start":{"line":12,"column":56},"end":{"line":12,"column":69}},{"start":{"line":12,"column":72},"end":{"line":12,"column":83}}]},"2":{"loc":{"start":{"line":15,"column":45},"end":{"line":15,"column":83}},"type":"cond-expr","locations":[{"start":{"line":15,"column":56},"end":{"line":15,"column":69}},{"start":{"line":15,"column":72},"end":{"line":15,"column":83}}]}},"s":{"0":6,"1":9,"2":9,"3":9,"4":9,"5":6},"f":{"0":9,"1":9,"2":9,"3":9},"b":{"0":[6,3],"1":[1,8],"2":[2,7]}}
,"C:/VSCode/react-task/src/components/Search/Search.tsx": {"path":"C:/VSCode/react-task/src/components/Search/Search.tsx","statementMap":{"0":{"start":{"line":8,"column":22},"end":{"line":45,"column":2}},"1":{"start":{"line":9,"column":19},"end":{"line":9,"column":null}},"2":{"start":{"line":10,"column":20},"end":{"line":10,"column":null}},"3":{"start":{"line":11,"column":17},"end":{"line":11,"column":null}},"4":{"start":{"line":11,"column":52},"end":{"line":11,"column":71}},"5":{"start":{"line":13,"column":23},"end":{"line":15,"column":null}},"6":{"start":{"line":14,"column":4},"end":{"line":14,"column":null}},"7":{"start":{"line":17,"column":22},"end":{"line":21,"column":null}},"8":{"start":{"line":18,"column":4},"end":{"line":20,"column":5}},"9":{"start":{"line":19,"column":6},"end":{"line":19,"column":null}},"10":{"start":{"line":23,"column":2},"end":{"line":29,"column":null}},"11":{"start":{"line":24,"column":20},"end":{"line":24,"column":37}},"12":{"start":{"line":26,"column":4},"end":{"line":28,"column":5}},"13":{"start":{"line":27,"column":6},"end":{"line":27,"column":null}},"14":{"start":{"line":8,"column":13},"end":{"line":8,"column":22}}},"fnMap":{"0":{"name":"(anonymous_0)","decl":{"start":{"line":8,"column":22},"end":{"line":8,"column":28}},"loc":{"start":{"line":8,"column":28},"end":{"line":45,"column":2}}},"1":{"name":"(anonymous_1)","decl":{"start":{"line":11,"column":29},"end":{"line":11,"column":30}},"loc":{"start":{"line":11,"column":52},"end":{"line":11,"column":71}}},"2":{"name":"(anonymous_2)","decl":{"start":{"line":13,"column":23},"end":{"line":13,"column":29}},"loc":{"start":{"line":13,"column":29},"end":{"line":15,"column":null}}},"3":{"name":"(anonymous_3)","decl":{"start":{"line":17,"column":22},"end":{"line":17,"column":23}},"loc":{"start":{"line":17,"column":48},"end":{"line":21,"column":null}}},"4":{"name":"(anonymous_4)","decl":{"start":{"line":23,"column":12},"end":{"line":23,"column":18}},"loc":{"start":{"line":23,"column":18},"end":{"line":29,"column":5}}}},"branchMap":{"0":{"loc":{"start":{"line":14,"column":31},"end":{"line":14,"column":null}},"type":"binary-expr","locations":[{"start":{"line":14,"column":31},"end":{"line":14,"column":59}},{"start":{"line":14,"column":59},"end":{"line":14,"column":null}}]},"1":{"loc":{"start":{"line":18,"column":4},"end":{"line":20,"column":5}},"type":"if","locations":[{"start":{"line":18,"column":4},"end":{"line":20,"column":5}}]},"2":{"loc":{"start":{"line":26,"column":4},"end":{"line":28,"column":5}},"type":"if","locations":[{"start":{"line":26,"column":4},"end":{"line":28,"column":5}}]}},"s":{"0":6,"1":7,"2":7,"3":7,"4":13,"5":7,"6":0,"7":7,"8":0,"9":0,"10":7,"11":6,"12":6,"13":6,"14":6},"f":{"0":7,"1":13,"2":0,"3":0,"4":6},"b":{"0":[0,0],"1":[0],"2":[6]}}
,"C:/VSCode/react-task/src/components/User/User.tsx": {"path":"C:/VSCode/react-task/src/components/User/User.tsx","statementMap":{"0":{"start":{"line":11,"column":20},"end":{"line":23,"column":null}},"1":{"start":{"line":12,"column":2},"end":{"line":23,"column":null}}},"fnMap":{"0":{"name":"(anonymous_0)","decl":{"start":{"line":11,"column":25},"end":{"line":11,"column":26}},"loc":{"start":{"line":12,"column":2},"end":{"line":23,"column":null}}}},"branchMap":{},"s":{"0":6,"1":1},"f":{"0":1},"b":{}}
,"C:/VSCode/react-task/src/components/Users/Users.tsx": {"path":"C:/VSCode/react-task/src/components/Users/Users.tsx","statementMap":{"0":{"start":{"line":9,"column":21},"end":{"line":17,"column":2}},"1":{"start":{"line":10,"column":16},"end":{"line":10,"column":null}},"2":{"start":{"line":10,"column":51},"end":{"line":10,"column":68}},"3":{"start":{"line":11,"column":22},"end":{"line":13,"column":null}},"4":{"start":{"line":12,"column":10},"end":{"line":13,"column":5}},"5":{"start":{"line":12,"column":37},"end":{"line":13,"column":5}},"6":{"start":{"line":9,"column":13},"end":{"line":9,"column":21}}},"fnMap":{"0":{"name":"(anonymous_0)","decl":{"start":{"line":9,"column":21},"end":{"line":9,"column":27}},"loc":{"start":{"line":9,"column":27},"end":{"line":17,"column":2}}},"1":{"name":"(anonymous_1)","decl":{"start":{"line":10,"column":28},"end":{"line":10,"column":29}},"loc":{"start":{"line":10,"column":51},"end":{"line":10,"column":68}}},"2":{"name":"(anonymous_2)","decl":{"start":{"line":12,"column":4},"end":{"line":12,"column":10}},"loc":{"start":{"line":12,"column":10},"end":{"line":13,"column":5}}},"3":{"name":"(anonymous_3)","decl":{"start":{"line":12,"column":20},"end":{"line":12,"column":21}},"loc":{"start":{"line":12,"column":37},"end":{"line":13,"column":5}}}},"branchMap":{},"s":{"0":6,"1":2,"2":4,"3":2,"4":2,"5":1,"6":6},"f":{"0":2,"1":4,"2":2,"3":1},"b":{}}
,"C:/VSCode/react-task/src/components/Validation/Validation.tsx": {"path":"C:/VSCode/react-task/src/components/Validation/Validation.tsx","statementMap":{"0":{"start":{"line":10,"column":26},"end":{"line":14,"column":null}},"1":{"start":{"line":11,"column":2},"end":{"line":14,"column":null}}},"fnMap":{"0":{"name":"(anonymous_0)","decl":{"start":{"line":10,"column":31},"end":{"line":10,"column":32}},"loc":{"start":{"line":11,"column":2},"end":{"line":14,"column":null}}}},"branchMap":{"0":{"loc":{"start":{"line":11,"column":37},"end":{"line":11,"column":87}},"type":"cond-expr","locations":[{"start":{"line":11,"column":45},"end":{"line":11,"column":68}},{"start":{"line":11,"column":68},"end":{"line":11,"column":87}}]},"1":{"loc":{"start":{"line":12,"column":5},"end":{"line":12,"column":27}},"type":"binary-expr","locations":[{"start":{"line":12,"column":5},"end":{"line":12,"column":14}},{"start":{"line":12,"column":14},"end":{"line":12,"column":27}}]}},"s":{"0":6,"1":6},"f":{"0":6},"b":{"0":[0,6],"1":[6,0]}}
,"C:/VSCode/react-task/src/hooks/useFetch.ts": {"path":"C:/VSCode/react-task/src/hooks/useFetch.ts","statementMap":{"0":{"start":{"line":7,"column":24},"end":{"line":30,"column":2}},"1":{"start":{"line":8,"column":17},"end":{"line":8,"column":null}},"2":{"start":{"line":8,"column":52},"end":{"line":8,"column":71}},"3":{"start":{"line":9,"column":28},"end":{"line":9,"column":null}},"4":{"start":{"line":10,"column":32},"end":{"line":10,"column":null}},"5":{"start":{"line":11,"column":42},"end":{"line":11,"column":null}},"6":{"start":{"line":13,"column":2},"end":{"line":27,"column":null}},"7":{"start":{"line":14,"column":4},"end":{"line":26,"column":5}},"8":{"start":{"line":15,"column":6},"end":{"line":18,"column":7}},"9":{"start":{"line":16,"column":8},"end":{"line":16,"column":null}},"10":{"start":{"line":17,"column":8},"end":{"line":17,"column":null}},"11":{"start":{"line":19,"column":6},"end":{"line":22,"column":7}},"12":{"start":{"line":20,"column":8},"end":{"line":20,"column":null}},"13":{"start":{"line":21,"column":8},"end":{"line":21,"column":null}},"14":{"start":{"line":24,"column":6},"end":{"line":24,"column":null}},"15":{"start":{"line":25,"column":6},"end":{"line":25,"column":null}},"16":{"start":{"line":29,"column":2},"end":{"line":29,"column":null}}},"fnMap":{"0":{"name":"(anonymous_0)","decl":{"start":{"line":7,"column":24},"end":{"line":7,"column":30}},"loc":{"start":{"line":7,"column":30},"end":{"line":30,"column":2}}},"1":{"name":"(anonymous_1)","decl":{"start":{"line":8,"column":29},"end":{"line":8,"column":30}},"loc":{"start":{"line":8,"column":52},"end":{"line":8,"column":71}}},"2":{"name":"(anonymous_2)","decl":{"start":{"line":13,"column":12},"end":{"line":13,"column":18}},"loc":{"start":{"line":13,"column":18},"end":{"line":27,"column":5}}}},"branchMap":{"0":{"loc":{"start":{"line":11,"column":61},"end":{"line":11,"column":null}},"type":"binary-expr","locations":[{"start":{"line":11,"column":61},"end":{"line":11,"column":71}},{"start":{"line":11,"column":71},"end":{"line":11,"column":null}}]},"1":{"loc":{"start":{"line":14,"column":4},"end":{"line":26,"column":5}},"type":"if","locations":[{"start":{"line":14,"column":4},"end":{"line":26,"column":5}},{"start":{"line":23,"column":11},"end":{"line":26,"column":5}}]},"2":{"loc":{"start":{"line":15,"column":6},"end":{"line":18,"column":7}},"type":"if","locations":[{"start":{"line":15,"column":6},"end":{"line":18,"column":7}}]},"3":{"loc":{"start":{"line":19,"column":6},"end":{"line":22,"column":7}},"type":"if","locations":[{"start":{"line":19,"column":6},"end":{"line":22,"column":7}}]}},"s":{"0":6,"1":11,"2":19,"3":11,"4":11,"5":11,"6":11,"7":6,"8":6,"9":6,"10":6,"11":6,"12":0,"13":0,"14":0,"15":0,"16":11},"f":{"0":11,"1":19,"2":6},"b":{"0":[11,11],"1":[6,0],"2":[6],"3":[0]}}
,"C:/VSCode/react-task/src/pages/About/About.tsx": {"path":"C:/VSCode/react-task/src/pages/About/About.tsx","statementMap":{"0":{"start":{"line":5,"column":21},"end":{"line":9,"column":null}},"1":{"start":{"line":6,"column":2},"end":{"line":9,"column":null}},"2":{"start":{"line":5,"column":13},"end":{"line":5,"column":21}}},"fnMap":{"0":{"name":"(anonymous_0)","decl":{"start":{"line":5,"column":21},"end":{"line":5,"column":null}},"loc":{"start":{"line":6,"column":2},"end":{"line":9,"column":null}}}},"branchMap":{},"s":{"0":6,"1":2,"2":6},"f":{"0":2},"b":{}}
,"C:/VSCode/react-task/src/pages/Forms/Forms.tsx": {"path":"C:/VSCode/react-task/src/pages/Forms/Forms.tsx","statementMap":{"0":{"start":{"line":8,"column":21},"end":{"line":13,"column":null}},"1":{"start":{"line":9,"column":2},"end":{"line":13,"column":null}},"2":{"start":{"line":8,"column":13},"end":{"line":8,"column":21}}},"fnMap":{"0":{"name":"(anonymous_0)","decl":{"start":{"line":8,"column":21},"end":{"line":8,"column":null}},"loc":{"start":{"line":9,"column":2},"end":{"line":13,"column":null}}}},"branchMap":{},"s":{"0":6,"1":1,"2":6},"f":{"0":1},"b":{}}
,"C:/VSCode/react-task/src/pages/Main/Main.tsx": {"path":"C:/VSCode/react-task/src/pages/Main/Main.tsx","statementMap":{"0":{"start":{"line":10,"column":20},"end":{"line":20,"column":2}},"1":{"start":{"line":11,"column":38},"end":{"line":11,"column":null}},"2":{"start":{"line":10,"column":13},"end":{"line":10,"column":20}}},"fnMap":{"0":{"name":"(anonymous_0)","decl":{"start":{"line":10,"column":20},"end":{"line":10,"column":26}},"loc":{"start":{"line":10,"column":26},"end":{"line":20,"column":2}}}},"branchMap":{},"s":{"0":6,"1":7,"2":12},"f":{"0":7},"b":{}}
,"C:/VSCode/react-task/src/pages/NotFound/NotFound.tsx": {"path":"C:/VSCode/react-task/src/pages/NotFound/NotFound.tsx","statementMap":{"0":{"start":{"line":5,"column":24},"end":{"line":9,"column":null}},"1":{"start":{"line":6,"column":2},"end":{"line":9,"column":null}},"2":{"start":{"line":5,"column":13},"end":{"line":5,"column":24}}},"fnMap":{"0":{"name":"(anonymous_0)","decl":{"start":{"line":5,"column":24},"end":{"line":5,"column":null}},"loc":{"start":{"line":6,"column":2},"end":{"line":9,"column":null}}}},"branchMap":{},"s":{"0":6,"1":0,"2":6},"f":{"0":0},"b":{}}
,"C:/VSCode/react-task/src/redux/store.ts": {"path":"C:/VSCode/react-task/src/redux/store.ts","statementMap":{"0":{"start":{"line":7,"column":16},"end":{"line":11,"column":null}},"1":{"start":{"line":15,"column":25},"end":{"line":20,"column":5}},"2":{"start":{"line":16,"column":2},"end":{"line":20,"column":5}},"3":{"start":{"line":19,"column":42},"end":{"line":19,"column":null}},"4":{"start":{"line":22,"column":21},"end":{"line":22,"column":33}}},"fnMap":{"0":{"name":"(anonymous_0)","decl":{"start":{"line":15,"column":25},"end":{"line":15,"column":26}},"loc":{"start":{"line":16,"column":2},"end":{"line":20,"column":5}}},"1":{"name":"(anonymous_1)","decl":{"start":{"line":19,"column":16},"end":{"line":19,"column":17}},"loc":{"start":{"line":19,"column":42},"end":{"line":19,"column":null}}}},"branchMap":{},"s":{"0":6,"1":6,"2":12,"3":12,"4":6},"f":{"0":12,"1":12},"b":{}}
,"C:/VSCode/react-task/src/redux/query/cardsQuery.ts": {"path":"C:/VSCode/react-task/src/redux/query/cardsQuery.ts","statementMap":{"0":{"start":{"line":6,"column":24},"end":{"line":15,"column":3}},"1":{"start":{"line":9,"column":27},"end":{"line":14,"column":null}},"2":{"start":{"line":12,"column":8},"end":{"line":12,"column":158}},"3":{"start":{"line":17,"column":38},"end":{"line":17,"column":47}}},"fnMap":{"0":{"name":"(anonymous_0)","decl":{"start":{"line":9,"column":13},"end":{"line":9,"column":14}},"loc":{"start":{"line":9,"column":27},"end":{"line":14,"column":null}}},"1":{"name":"(anonymous_1)","decl":{"start":{"line":11,"column":13},"end":{"line":11,"column":14}},"loc":{"start":{"line":12,"column":8},"end":{"line":12,"column":158}}}},"branchMap":{},"s":{"0":6,"1":6,"2":0,"3":6},"f":{"0":6,"1":0},"b":{}}
,"C:/VSCode/react-task/src/redux/slice/searchSlice.ts": {"path":"C:/VSCode/react-task/src/redux/slice/searchSlice.ts","statementMap":{"0":{"start":{"line":5,"column":35},"end":{"line":7,"column":null}},"1":{"start":{"line":9,"column":20},"end":{"line":17,"column":null}},"2":{"start":{"line":14,"column":6},"end":{"line":14,"column":null}},"3":{"start":{"line":19,"column":37},"end":{"line":19,"column":56}},"4":{"start":{"line":21,"column":29},"end":{"line":21,"column":48}}},"fnMap":{"0":{"name":"(anonymous_0)","decl":{"start":{"line":13,"column":4},"end":{"line":13,"column":22}},"loc":{"start":{"line":13,"column":60},"end":{"line":15,"column":null}}}},"branchMap":{},"s":{"0":6,"1":6,"2":0,"3":6,"4":6},"f":{"0":0},"b":{}}
,"C:/VSCode/react-task/src/redux/slice/usersSlice.ts": {"path":"C:/VSCode/react-task/src/redux/slice/usersSlice.ts","statementMap":{"0":{"start":{"line":5,"column":34},"end":{"line":7,"column":null}},"1":{"start":{"line":9,"column":19},"end":{"line":17,"column":null}},"2":{"start":{"line":14,"column":6},"end":{"line":14,"column":null}},"3":{"start":{"line":19,"column":27},"end":{"line":19,"column":45}},"4":{"start":{"line":21,"column":28},"end":{"line":21,"column":46}}},"fnMap":{"0":{"name":"(anonymous_0)","decl":{"start":{"line":13,"column":13},"end":{"line":13,"column":14}},"loc":{"start":{"line":13,"column":54},"end":{"line":15,"column":null}}}},"branchMap":{},"s":{"0":6,"1":6,"2":1,"3":6,"4":6},"f":{"0":1},"b":{}}
,"C:/VSCode/react-task/src/utils/validation.ts": {"path":"C:/VSCode/react-task/src/utils/validation.ts","statementMap":{"0":{"start":{"line":1,"column":28},"end":{"line":11,"column":2}},"1":{"start":{"line":13,"column":28},"end":{"line":20,"column":2}},"2":{"start":{"line":18,"column":6},"end":{"line":18,"column":null}},"3":{"start":{"line":22,"column":32},"end":{"line":24,"column":2}},"4":{"start":{"line":26,"column":28},"end":{"line":32,"column":2}},"5":{"start":{"line":28,"column":45},"end":{"line":28,"column":null}},"6":{"start":{"line":30,"column":6},"end":{"line":30,"column":null}}},"fnMap":{"0":{"name":"(anonymous_0)","decl":{"start":{"line":17,"column":13},"end":{"line":17,"column":14}},"loc":{"start":{"line":18,"column":6},"end":{"line":18,"column":null}}},"1":{"name":"(anonymous_1)","decl":{"start":{"line":28,"column":13},"end":{"line":28,"column":14}},"loc":{"start":{"line":28,"column":45},"end":{"line":28,"column":null}}},"2":{"name":"(anonymous_2)","decl":{"start":{"line":29,"column":10},"end":{"line":29,"column":11}},"loc":{"start":{"line":30,"column":6},"end":{"line":30,"column":null}}}},"branchMap":{"0":{"loc":{"start":{"line":18,"column":6},"end":{"line":18,"column":null}},"type":"binary-expr","locations":[{"start":{"line":18,"column":6},"end":{"line":18,"column":15}},{"start":{"line":18,"column":16},"end":{"line":18,"column":39}},{"start":{"line":18,"column":39},"end":{"line":18,"column":null}}]},"1":{"loc":{"start":{"line":28,"column":45},"end":{"line":28,"column":null}},"type":"binary-expr","locations":[{"start":{"line":28,"column":45},"end":{"line":28,"column":53}},{"start":{"line":28,"column":54},"end":{"line":28,"column":74}},{"start":{"line":28,"column":74},"end":{"line":28,"column":null}}]},"2":{"loc":{"start":{"line":30,"column":6},"end":{"line":30,"column":null}},"type":"binary-expr","locations":[{"start":{"line":30,"column":6},"end":{"line":30,"column":14}},{"start":{"line":30,"column":15},"end":{"line":30,"column":34}},{"start":{"line":30,"column":34},"end":{"line":30,"column":71}},{"start":{"line":30,"column":71},"end":{"line":30,"column":null}}]}},"s":{"0":6,"1":6,"2":1,"3":6,"4":6,"5":1,"6":1},"f":{"0":1,"1":1,"2":1},"b":{"0":[1,1,0],"1":[1,1,0],"2":[1,1,1,0]}}
}
