TN:
SF:src\configAPI.ts
FNF:0
FNH:0
DA:1,6
DA:3,6
DA:5,6
LF:3
LH:3
BRF:0
BRH:0
end_of_record
TN:
SF:src\entry-client.tsx
FNF:0
FNH:0
DA:16,6
DA:18,6
LF:2
LH:2
BRF:0
BRH:0
end_of_record
TN:
SF:src\components\App\App.tsx
FN:11,(anonymous_0)
FNF:1
FNH:1
FNDA:6,(anonymous_0)
DA:11,6
DA:12,6
LF:2
LH:2
BRF:0
BRH:0
end_of_record
TN:
SF:src\components\Card\Card.tsx
FN:6,(anonymous_0)
FN:10,(anonymous_1)
FNF:2
FNH:2
FNDA:150,(anonymous_0)
FNDA:1,(anonymous_1)
DA:6,6
DA:7,150
DA:10,1
LF:3
LH:3
BRDA:14,0,0,145
BRDA:14,0,1,5
BRF:2
BRH:2
end_of_record
TN:
SF:src\components\Cards\Cards.tsx
FN:9,(anonymous_0)
FN:29,(anonymous_1)
FNF:2
FNH:2
FNDA:11,(anonymous_0)
FNDA:150,(anonymous_1)
DA:9,6
DA:10,11
DA:29,150
LF:3
LH:3
BRDA:14,0,0,0
BRDA:14,0,1,11
BRDA:26,1,0,6
BRDA:26,1,1,5
BRDA:27,2,0,0
BRDA:27,2,1,6
BRF:6
BRH:4
end_of_record
TN:
SF:src\components\Footer\Footer.tsx
FN:5,(anonymous_0)
FNF:1
FNH:1
FNDA:6,(anonymous_0)
DA:5,6
DA:6,6
LF:2
LH:2
BRF:0
BRH:0
end_of_record
TN:
SF:src\components\Form\Form.tsx
FN:12,(anonymous_0)
FN:28,(anonymous_1)
FN:41,(anonymous_2)
FN:106,(anonymous_3)
FNF:4
FNH:3
FNDA:3,(anonymous_0)
FNDA:1,(anonymous_1)
FNDA:3,(anonymous_2)
FNDA:0,(anonymous_3)
DA:12,6
DA:13,3
DA:14,3
DA:21,3
DA:28,3
DA:29,1
DA:30,1
DA:31,1
DA:41,3
DA:42,3
DA:106,0
LF:11
LH:10
BRDA:29,0,0,1
BRDA:34,1,0,1
BRDA:34,1,1,0
BRDA:42,2,0,1
BRDA:105,3,0,3
BRF:5
BRH:4
end_of_record
TN:
SF:src\components\Header\Header.tsx
FN:8,(anonymous_0)
FNF:1
FNH:1
FNDA:9,(anonymous_0)
DA:8,6
DA:9,9
DA:10,9
DA:11,9
DA:13,6
DA:14,6
DA:16,1
DA:17,1
DA:19,2
DA:20,2
DA:22,0
DA:23,0
DA:25,9
LF:13
LH:11
BRDA:11,0,0,6
BRDA:11,0,1,1
BRDA:11,0,2,2
BRDA:11,0,3,0
BRF:4
BRH:3
end_of_record
TN:
SF:src\components\Modal\Modal.tsx
FN:7,(anonymous_0)
FN:8,(anonymous_1)
FNF:2
FNH:1
FNDA:7,(anonymous_0)
FNDA:0,(anonymous_1)
DA:7,6
DA:8,7
DA:9,0
DA:10,0
DA:14,7
DA:15,1
DA:44,6
LF:7
LH:5
BRDA:9,0,0,0
BRDA:14,1,0,1
BRDA:14,1,1,6
BRDA:26,2,0,1
BRDA:26,2,1,0
BRF:5
BRH:3
end_of_record
TN:
SF:src\components\Nav\Nav.tsx
FN:6,(anonymous_0)
FN:9,(anonymous_1)
FN:12,(anonymous_2)
FN:15,(anonymous_3)
FNF:4
FNH:4
FNDA:9,(anonymous_0)
FNDA:9,(anonymous_1)
FNDA:9,(anonymous_2)
FNDA:9,(anonymous_3)
DA:6,6
DA:7,9
DA:9,9
DA:12,9
DA:15,9
LF:5
LH:5
BRDA:9,0,0,6
BRDA:9,0,1,3
BRDA:12,1,0,1
BRDA:12,1,1,8
BRDA:15,2,0,2
BRDA:15,2,1,7
BRF:6
BRH:6
end_of_record
TN:
SF:src\components\Search\Search.tsx
FN:8,(anonymous_0)
FN:11,(anonymous_1)
FN:13,(anonymous_2)
FN:17,(anonymous_3)
FN:23,(anonymous_4)
FNF:5
FNH:3
FNDA:7,(anonymous_0)
FNDA:13,(anonymous_1)
FNDA:0,(anonymous_2)
FNDA:0,(anonymous_3)
FNDA:6,(anonymous_4)
DA:8,6
DA:9,7
DA:10,7
DA:11,13
DA:13,7
DA:14,0
DA:17,7
DA:18,0
DA:19,0
DA:23,7
DA:24,6
DA:26,6
DA:27,6
LF:13
LH:10
BRDA:14,0,0,0
BRDA:14,0,1,0
BRDA:18,1,0,0
BRDA:26,2,0,6
BRF:4
BRH:1
end_of_record
TN:
SF:src\components\User\User.tsx
FN:11,(anonymous_0)
FNF:1
FNH:1
FNDA:1,(anonymous_0)
DA:11,6
DA:12,1
LF:2
LH:2
BRF:0
BRH:0
end_of_record
TN:
SF:src\components\Users\Users.tsx
FN:9,(anonymous_0)
FN:10,(anonymous_1)
FN:12,(anonymous_2)
FN:12,(anonymous_3)
FNF:4
FNH:4
FNDA:2,(anonymous_0)
FNDA:4,(anonymous_1)
FNDA:2,(anonymous_2)
FNDA:1,(anonymous_3)
DA:9,6
DA:10,4
DA:11,2
DA:12,2
LF:4
LH:4
BRF:0
BRH:0
end_of_record
TN:
SF:src\components\Validation\Validation.tsx
FN:10,(anonymous_0)
FNF:1
FNH:1
FNDA:6,(anonymous_0)
DA:10,6
DA:11,6
LF:2
LH:2
BRDA:11,0,0,0
BRDA:11,0,1,6
BRDA:12,1,0,6
BRDA:12,1,1,0
BRF:4
BRH:2
end_of_record
TN:
SF:src\hooks\useFetch.ts
FN:7,(anonymous_0)
FN:8,(anonymous_1)
FN:13,(anonymous_2)
FNF:3
FNH:3
FNDA:11,(anonymous_0)
FNDA:19,(anonymous_1)
FNDA:6,(anonymous_2)
DA:7,6
DA:8,19
DA:9,11
DA:10,11
DA:11,11
DA:13,11
DA:14,6
DA:15,6
DA:16,6
DA:17,6
DA:19,6
DA:20,0
DA:21,0
DA:24,0
DA:25,0
DA:29,11
LF:16
LH:12
BRDA:11,0,0,11
BRDA:11,0,1,11
BRDA:14,1,0,6
BRDA:14,1,1,0
BRDA:15,2,0,6
BRDA:19,3,0,0
BRF:6
BRH:4
end_of_record
TN:
SF:src\pages\About\About.tsx
FN:5,(anonymous_0)
FNF:1
FNH:1
FNDA:2,(anonymous_0)
DA:5,6
DA:6,2
LF:2
LH:2
BRF:0
BRH:0
end_of_record
TN:
SF:src\pages\Forms\Forms.tsx
FN:8,(anonymous_0)
FNF:1
FNH:1
FNDA:1,(anonymous_0)
DA:8,6
DA:9,1
LF:2
LH:2
BRF:0
BRH:0
end_of_record
TN:
SF:src\pages\Main\Main.tsx
FN:10,(anonymous_0)
FNF:1
FNH:1
FNDA:7,(anonymous_0)
DA:10,12
DA:11,7
LF:2
LH:2
BRF:0
BRH:0
end_of_record
TN:
SF:src\pages\NotFound\NotFound.tsx
FN:5,(anonymous_0)
FNF:1
FNH:0
FNDA:0,(anonymous_0)
DA:5,6
DA:6,0
LF:2
LH:1
BRF:0
BRH:0
end_of_record
TN:
SF:src\redux\store.ts
FN:15,(anonymous_0)
FN:19,(anonymous_1)
FNF:2
FNH:2
FNDA:12,(anonymous_0)
FNDA:12,(anonymous_1)
DA:7,6
DA:15,6
DA:16,12
DA:19,12
DA:22,6
LF:5
LH:5
BRF:0
BRH:0
end_of_record
TN:
SF:src\redux\query\cardsQuery.ts
FN:9,(anonymous_0)
FN:11,(anonymous_1)
FNF:2
FNH:1
FNDA:6,(anonymous_0)
FNDA:0,(anonymous_1)
DA:6,6
DA:9,6
DA:12,0
DA:17,6
LF:4
LH:3
BRF:0
BRH:0
end_of_record
TN:
SF:src\redux\slice\searchSlice.ts
FN:13,(anonymous_0)
FNF:1
FNH:0
FNDA:0,(anonymous_0)
DA:5,6
DA:9,6
DA:14,0
DA:19,6
DA:21,6
LF:5
LH:4
BRF:0
BRH:0
end_of_record
TN:
SF:src\redux\slice\usersSlice.ts
FN:13,(anonymous_0)
FNF:1
FNH:1
FNDA:1,(anonymous_0)
DA:5,6
DA:9,6
DA:14,1
DA:19,6
DA:21,6
LF:5
LH:5
BRF:0
BRH:0
end_of_record
TN:
SF:src\utils\validation.ts
FN:17,(anonymous_0)
FN:28,(anonymous_1)
FN:29,(anonymous_2)
FNF:3
FNH:3
FNDA:1,(anonymous_0)
FNDA:1,(anonymous_1)
FNDA:1,(anonymous_2)
DA:1,6
DA:13,6
DA:18,1
DA:22,6
DA:26,6
DA:28,1
DA:30,1
LF:7
LH:7
BRDA:18,0,0,1
BRDA:18,0,1,1
BRDA:18,0,2,0
BRDA:28,1,0,1
BRDA:28,1,1,1
BRDA:28,1,2,0
BRDA:30,2,0,1
BRDA:30,2,1,1
BRDA:30,2,2,1
BRDA:30,2,3,0
BRF:10
BRH:7
end_of_record
